SF:lib/main.dart
DA:19,0
DA:20,0
DA:21,0
DA:25,0
DA:33,0
DA:37,1
DA:39,0
DA:41,0
DA:42,0
DA:45,0
DA:47,0
DA:61,1
DA:63,0
DA:64,0
DA:68,0
DA:92,0
DA:93,0
DA:94,0
DA:96,0
DA:97,0
DA:98,0
DA:100,0
DA:103,0
DA:104,0
DA:105,0
DA:108,0
DA:115,0
DA:116,0
DA:118,0
DA:119,0
DA:122,0
DA:123,0
DA:124,0
DA:125,0
DA:127,0
DA:128,0
DA:129,0
DA:130,0
DA:131,0
DA:134,0
DA:135,0
DA:139,0
DA:140,0
DA:145,0
DA:146,0
DA:147,0
DA:148,0
DA:149,0
DA:150,0
DA:154,0
DA:155,0
DA:156,0
DA:157,0
DA:158,0
DA:159,0
DA:160,0
DA:161,0
DA:162,0
DA:163,0
DA:166,0
DA:167,0
DA:168,0
DA:169,0
DA:173,0
DA:174,0
DA:175,0
DA:180,0
DA:181,0
DA:182,0
DA:183,0
DA:186,0
DA:189,0
DA:190,0
DA:192,0
DA:193,0
DA:195,0
DA:196,0
DA:197,0
DA:198,0
DA:201,0
DA:203,0
DA:204,0
DA:207,0
DA:209,0
DA:210,0
DA:211,0
DA:214,0
DA:215,0
DA:216,0
DA:217,0
DA:218,0
DA:219,0
DA:221,0
DA:222,0
DA:224,0
DA:228,0
DA:230,0
DA:231,0
DA:232,0
DA:233,0
DA:237,0
DA:241,0
DA:244,0
DA:246,0
DA:247,0
DA:249,0
DA:250,0
DA:251,0
DA:252,0
DA:254,0
DA:257,0
DA:258,0
DA:259,0
DA:260,0
DA:262,0
DA:263,0
DA:264,0
DA:265,0
DA:266,0
DA:267,0
DA:268,0
DA:269,0
DA:270,0
DA:272,0
DA:273,0
DA:277,0
DA:280,0
DA:281,0
DA:282,0
DA:283,0
DA:284,0
DA:285,0
DA:287,0
DA:288,0
DA:290,0
DA:293,0
DA:294,0
DA:295,0
DA:297,0
DA:301,0
DA:302,0
DA:303,0
DA:304,0
DA:305,0
DA:306,0
DA:307,0
DA:309,0
DA:314,0
DA:316,0
DA:317,0
DA:319,0
DA:320,0
DA:321,0
DA:322,0
DA:324,0
DA:325,0
DA:326,0
DA:328,0
DA:332,0
DA:333,0
DA:371,0
DA:372,0
DA:374,0
DA:379,0
DA:380,0
DA:381,0
DA:382,0
DA:383,0
DA:384,0
DA:387,0
DA:388,0
DA:389,0
DA:390,0
DA:394,0
DA:395,0
DA:396,0
DA:398,0
DA:399,0
DA:400,0
DA:404,0
DA:405,0
DA:408,0
DA:409,0
DA:415,0
DA:416,0
DA:417,0
DA:418,0
DA:420,0
DA:422,0
DA:424,0
DA:425,0
DA:426,0
DA:427,0
DA:428,0
DA:429,0
DA:434,0
DA:435,0
DA:438,0
DA:439,0
DA:440,0
DA:442,0
DA:443,0
DA:445,0
DA:446,0
DA:447,0
DA:448,0
DA:451,0
DA:455,0
DA:456,0
DA:457,0
DA:458,0
DA:459,0
DA:460,0
DA:464,0
DA:465,0
DA:468,0
DA:469,0
DA:470,0
DA:475,0
DA:476,0
DA:477,0
DA:478,0
DA:479,0
DA:482,0
DA:484,0
DA:485,0
DA:486,0
DA:490,0
DA:491,0
DA:521,0
DA:522,0
DA:523,0
DA:525,0
DA:527,0
DA:529,0
DA:530,0
DA:532,0
DA:533,0
DA:534,0
DA:535,0
DA:536,0
DA:537,0
DA:539,0
DA:541,0
DA:542,0
DA:543,0
DA:553,0
DA:554,0
DA:558,0
DA:559,0
DA:562,0
DA:565,0
DA:566,0
DA:569,0
DA:570,0
DA:571,0
DA:574,0
DA:575,0
DA:576,0
DA:577,0
DA:585,0
DA:586,0
DA:593,0
DA:594,0
DA:595,0
DA:597,0
DA:598,0
DA:599,0
DA:603,0
DA:604,0
DA:607,0
DA:608,0
DA:609,0
DA:632,0
DA:633,0
DA:706,0
DA:707,0
DA:708,0
DA:711,0
DA:712,0
DA:716,0
DA:717,0
DA:720,0
DA:722,0
DA:732,0
DA:734,0
DA:735,0
DA:736,0
DA:737,0
DA:742,0
DA:743,0
DA:744,0
DA:745,0
DA:747,0
DA:751,0
DA:752,0
DA:753,0
DA:754,0
DA:756,0
DA:757,0
DA:761,0
DA:763,0
DA:767,0
DA:768,0
DA:769,0
DA:770,0
DA:771,0
DA:776,0
DA:779,0
DA:780,0
DA:781,0
DA:787,0
DA:788,0
DA:789,0
DA:790,0
DA:795,0
DA:798,0
DA:799,0
DA:802,0
DA:803,0
DA:804,0
DA:806,0
DA:807,0
DA:808,0
DA:810,0
DA:811,0
DA:812,0
DA:813,0
DA:814,0
DA:816,0
DA:817,0
DA:818,0
DA:819,0
DA:820,0
DA:821,0
DA:822,0
DA:823,0
DA:825,0
DA:827,0
DA:828,0
DA:829,0
DA:830,0
DA:832,0
DA:840,0
DA:845,0
DA:846,0
DA:847,0
DA:849,0
DA:852,0
DA:853,0
DA:855,0
DA:860,0
DA:865,0
DA:868,0
DA:869,0
DA:870,0
DA:872,0
DA:873,0
DA:874,0
DA:876,0
DA:877,0
DA:878,0
DA:880,0
DA:883,0
DA:884,0
DA:886,0
DA:890,0
DA:891,0
DA:892,0
DA:894,0
DA:895,0
DA:896,0
DA:899,0
DA:900,0
DA:901,0
DA:902,0
DA:903,0
DA:905,0
DA:906,0
DA:907,0
DA:908,0
DA:911,0
DA:912,0
DA:915,0
DA:917,0
DA:918,0
DA:922,0
DA:923,0
DA:924,0
DA:926,0
DA:927,0
DA:931,0
DA:933,0
DA:934,0
DA:935,0
DA:937,0
DA:938,0
DA:939,0
DA:942,0
DA:943,0
DA:944,0
DA:948,0
DA:952,0
DA:953,0
DA:954,0
DA:956,0
DA:957,0
DA:958,0
DA:960,0
DA:961,0
DA:963,0
DA:964,0
DA:967,0
DA:969,0
DA:970,0
DA:975,0
DA:976,0
DA:978,0
DA:981,0
DA:982,0
DA:983,0
DA:987,0
DA:988,0
DA:990,0
DA:995,0
DA:997,0
DA:998,0
DA:999,0
DA:1000,0
DA:1001,0
DA:1002,0
DA:1003,0
DA:1005,0
DA:1007,0
DA:1010,0
DA:1013,0
DA:1015,0
DA:1016,0
DA:1017,0
DA:1019,0
DA:1020,0
DA:1026,0
DA:1028,0
DA:1029,0
DA:1030,0
DA:1031,0
DA:1032,0
DA:1033,0
DA:1036,0
DA:1037,0
DA:1038,0
DA:1039,0
DA:1040,0
DA:1041,0
DA:1045,0
DA:1048,0
DA:1049,0
DA:1050,0
DA:1053,0
DA:1056,0
DA:1057,0
DA:1058,0
DA:1061,0
DA:1063,0
DA:1064,0
DA:1065,0
DA:1069,0
DA:1070,0
DA:1071,0
DA:1072,0
DA:1076,0
DA:1077,0
DA:1078,0
DA:1079,0
DA:1080,0
DA:1081,0
DA:1083,0
DA:1084,0
DA:1086,0
DA:1088,0
DA:1089,0
DA:1090,0
DA:1091,0
DA:1092,0
DA:1098,0
DA:1099,0
DA:1101,0
DA:1102,0
DA:1104,0
DA:1105,0
DA:1107,0
DA:1109,0
DA:1112,0
DA:1117,0
DA:1118,0
DA:1123,0
DA:1127,0
DA:1133,0
DA:1134,0
DA:1135,0
DA:1136,0
DA:1139,0
DA:1142,0
DA:1143,0
DA:1144,0
DA:1145,0
DA:1147,0
DA:1148,0
DA:1149,0
DA:1150,0
DA:1151,0
DA:1152,0
DA:1153,0
DA:1157,0
DA:1158,0
DA:1159,0
DA:1160,0
DA:1168,0
DA:1169,0
DA:1170,0
DA:1171,0
DA:1172,0
DA:1173,0
DA:1176,0
DA:1177,0
DA:1178,0
DA:1179,0
DA:1180,0
DA:1181,0
DA:1183,0
DA:1184,0
DA:1185,0
DA:1186,0
DA:1187,0
DA:1188,0
DA:1189,0
DA:1190,0
DA:1191,0
DA:1193,0
DA:1194,0
DA:1195,0
DA:1196,0
DA:1197,0
DA:1198,0
DA:1199,0
DA:1200,0
DA:1201,0
DA:1202,0
DA:1203,0
DA:1204,0
DA:1205,0
DA:1206,0
DA:1207,0
DA:1208,0
DA:1209,0
DA:1210,0
DA:1212,0
DA:1213,0
DA:1214,0
DA:1216,0
DA:1217,0
DA:1218,0
DA:1219,0
DA:1220,0
DA:1221,0
DA:1222,0
DA:1223,0
DA:1224,0
DA:1225,0
DA:1226,0
DA:1227,0
DA:1228,0
DA:1229,0
DA:1231,0
DA:1234,0
DA:1238,0
DA:1239,0
DA:1240,0
DA:1241,0
DA:1243,0
DA:1244,0
DA:1246,0
DA:1247,0
DA:1248,0
DA:1249,0
DA:1251,0
DA:1252,0
DA:1254,0
DA:1255,0
DA:1256,0
DA:1257,0
DA:1259,0
DA:1260,0
DA:1261,0
DA:1262,0
DA:1263,0
DA:1264,0
DA:1266,0
DA:1269,0
DA:1273,0
DA:1274,0
DA:1275,0
DA:1278,0
DA:1282,0
DA:1290,0
DA:1291,0
DA:1292,0
DA:1297,0
DA:1298,0
DA:1299,0
DA:1302,0
DA:1303,0
DA:1304,0
DA:1305,0
DA:1306,0
DA:1307,0
DA:1309,0
DA:1311,0
DA:1314,0
DA:1315,0
DA:1322,0
DA:1323,0
DA:1324,0
DA:1331,0
DA:1338,0
DA:1339,0
DA:1340,0
DA:1344,0
DA:1345,0
DA:1346,0
DA:1347,0
DA:1349,0
DA:1352,0
DA:1353,0
DA:1354,0
DA:1355,0
DA:1357,0
DA:1358,0
DA:1360,0
DA:1362,0
DA:1367,0
DA:1369,0
DA:1370,0
DA:1371,0
DA:1372,0
DA:1375,0
DA:1376,0
DA:1379,0
DA:1380,0
DA:1381,0
DA:1382,0
DA:1383,0
DA:1384,0
DA:1385,0
DA:1386,0
DA:1389,0
DA:1391,0
DA:1392,0
DA:1393,0
DA:1396,0
DA:1397,0
DA:1399,0
DA:1401,0
DA:1402,0
DA:1403,0
DA:1404,0
DA:1405,0
DA:1406,0
DA:1407,0
DA:1408,0
DA:1413,0
DA:1414,0
DA:1415,0
DA:1416,0
DA:1417,0
DA:1419,0
DA:1420,0
DA:1421,0
DA:1422,0
DA:1425,0
DA:1426,0
DA:1429,0
DA:1430,0
DA:1432,0
DA:1434,0
DA:1435,0
DA:1437,0
DA:1438,0
DA:1439,0
DA:1440,0
DA:1441,0
DA:1442,0
DA:1443,0
DA:1449,0
DA:1450,0
DA:1451,0
DA:1452,0
DA:1453,0
DA:1455,0
DA:1456,0
DA:1457,0
DA:1462,0
DA:1463,0
DA:1464,0
DA:1465,0
DA:1466,0
DA:1467,0
DA:1468,0
DA:1469,0
DA:1471,0
DA:1472,0
DA:1475,0
DA:1477,0
DA:1479,0
DA:1482,0
DA:1485,0
DA:1486,0
DA:1487,0
DA:1488,0
DA:1490,0
DA:1491,0
DA:1493,0
DA:1494,0
DA:1495,0
DA:1496,0
DA:1497,0
DA:1498,0
DA:1499,0
DA:1502,0
DA:1504,0
DA:1510,0
DA:1511,0
DA:1512,0
DA:1513,0
DA:1514,0
DA:1515,0
DA:1517,0
DA:1519,0
DA:1521,0
DA:1525,0
DA:1526,0
DA:1527,0
DA:1528,0
DA:1529,0
DA:1531,0
DA:1533,0
DA:1538,0
DA:1545,0
DA:1547,0
DA:1555,0
DA:1556,0
DA:1557,0
DA:1560,0
DA:1561,0
DA:1562,0
DA:1563,0
DA:1565,0
DA:1568,0
DA:1569,0
DA:1570,0
DA:1571,0
DA:1573,0
DA:1574,0
DA:1576,0
DA:1578,0
DA:1582,0
DA:1585,0
DA:1586,0
DA:1587,0
DA:1588,0
DA:1590,0
DA:1591,0
DA:1597,0
DA:1598,0
DA:1599,0
DA:1600,0
DA:1601,0
DA:1603,0
DA:1605,0
DA:1610,0
DA:1611,0
DA:1613,0
DA:1617,0
DA:1618,0
DA:1619,0
DA:1622,0
DA:1628,0
DA:1629,0
DA:1631,0
DA:1632,0
DA:1633,0
DA:1635,0
DA:1638,0
DA:1639,0
DA:1640,0
DA:1641,0
DA:1643,0
DA:1644,0
DA:1648,0
DA:1649,0
DA:1653,0
DA:1654,0
DA:1655,0
DA:1656,0
DA:1657,0
DA:1658,0
DA:1659,0
DA:1660,0
DA:1662,0
DA:1664,0
DA:1665,0
DA:1666,0
DA:1668,0
DA:1670,0
DA:1671,0
DA:1672,0
DA:1674,0
DA:1676,0
DA:1677,0
DA:1678,0
DA:1680,0
DA:1682,0
DA:1683,0
DA:1684,0
DA:1686,0
DA:1688,0
DA:1689,0
DA:1690,0
DA:1691,0
DA:1692,0
DA:1693,0
DA:1696,0
DA:1698,0
DA:1699,0
DA:1700,0
DA:1701,0
DA:1702,0
DA:1703,0
DA:1706,0
DA:1708,0
DA:1709,0
DA:1710,0
DA:1711,0
DA:1712,0
DA:1713,0
DA:1714,0
DA:1716,0
DA:1717,0
DA:1718,0
DA:1721,0
DA:1725,0
DA:1726,0
DA:1728,0
DA:1729,0
DA:1730,0
DA:1731,0
DA:1732,0
DA:1734,0
DA:1735,0
DA:1736,0
DA:1741,0
DA:1742,0
DA:1744,0
DA:1745,0
DA:1746,0
DA:1747,0
DA:1748,0
DA:1750,0
DA:1751,0
DA:1752,0
DA:1757,0
DA:1758,0
DA:1760,0
DA:1761,0
DA:1762,0
DA:1763,0
DA:1764,0
DA:1766,0
DA:1768,0
DA:1769,0
DA:1770,0
DA:1777,0
DA:1778,0
DA:1779,0
DA:1780,0
DA:1781,0
DA:1782,0
DA:1783,0
DA:1784,0
DA:1788,0
DA:1791,0
DA:1792,0
DA:1793,0
DA:1794,0
DA:1795,0
DA:1796,0
DA:1797,0
DA:1798,0
DA:1802,0
DA:1805,0
DA:1806,0
DA:1807,0
DA:1808,0
DA:1809,0
DA:1810,0
DA:1811,0
DA:1812,0
DA:1813,0
DA:1815,0
DA:1816,0
DA:1820,0
DA:1823,0
DA:1824,0
DA:1825,0
DA:1826,0
DA:1827,0
DA:1834,0
DA:1835,0
DA:1836,0
DA:1838,0
DA:1839,0
DA:1840,0
DA:1844,0
DA:1846,0
DA:1847,0
DA:1848,0
DA:1850,0
DA:1851,0
DA:1852,0
DA:1853,0
DA:1854,0
DA:1855,0
DA:1858,0
DA:1859,0
DA:1860,0
DA:1861,0
DA:1862,0
DA:1864,0
DA:1868,0
DA:1869,0
DA:1870,0
DA:1871,0
DA:1872,0
DA:1873,0
DA:1874,0
DA:1875,0
DA:1876,0
DA:1877,0
DA:1878,0
DA:1879,0
DA:1880,0
DA:1881,0
DA:1882,0
DA:1883,0
DA:1884,0
DA:1885,0
DA:1886,0
DA:1887,0
DA:1888,0
DA:1889,0
DA:1890,0
DA:1899,0
DA:1903,0
DA:1918,0
DA:1920,0
DA:1922,0
DA:1923,0
DA:1924,0
DA:1926,0
DA:1927,0
DA:1930,0
DA:1931,0
DA:1933,0
DA:1940,0
DA:1942,0
DA:1949,0
DA:1950,0
DA:1952,0
DA:1953,0
DA:1954,0
DA:1955,0
DA:1956,0
DA:1957,0
DA:1961,0
DA:1963,0
DA:1964,0
DA:1968,0
DA:1972,0
DA:1973,0
DA:1975,0
DA:1980,0
DA:1981,0
DA:1984,0
DA:1987,0
DA:1989,0
DA:2002,0
DA:2049,0
DA:2051,0
DA:2063,0
DA:2064,0
DA:2065,0
DA:2066,0
DA:2067,0
DA:2068,0
DA:2069,0
DA:2070,0
DA:2072,0
DA:2073,0
DA:2074,0
DA:2076,0
DA:2077,0
DA:2079,0
DA:2080,0
DA:2081,0
DA:2083,0
DA:2085,0
DA:2091,0
DA:2092,0
DA:2094,0
DA:2095,0
DA:2096,0
DA:2098,0
DA:2099,0
DA:2100,0
DA:2101,0
DA:2107,0
DA:2110,0
DA:2111,0
DA:2114,0
DA:2116,0
DA:2117,0
DA:2120,0
DA:2121,0
DA:2131,0
DA:2132,0
DA:2133,0
DA:2148,0
DA:2149,0
DA:2150,0
DA:2151,0
DA:2152,0
DA:2153,0
DA:2154,0
DA:2155,0
DA:2156,0
DA:2157,0
DA:2166,0
DA:2181,0
DA:2183,0
DA:2184,0
DA:2186,0
DA:2187,0
DA:2188,0
DA:2189,0
DA:2190,0
DA:2192,0
DA:2194,0
DA:2200,0
DA:2201,0
DA:2202,0
DA:2203,0
DA:2204,0
DA:2208,0
DA:2209,0
DA:2210,0
DA:2211,0
DA:2212,0
DA:2213,0
DA:2214,0
DA:2216,0
DA:2218,0
DA:2219,0
DA:2221,0
DA:2223,0
DA:2226,0
DA:2227,0
DA:2228,0
DA:2243,0
DA:2244,0
DA:2248,0
DA:2261,0
DA:2265,0
DA:2266,0
DA:2267,0
DA:2268,0
DA:2272,0
DA:2273,0
DA:2274,0
DA:2275,0
DA:2279,0
DA:2280,0
DA:2281,0
DA:2282,0
DA:2289,0
DA:2292,0
DA:2293,0
DA:2299,0
DA:2301,0
DA:2303,0
DA:2305,0
DA:2306,0
DA:2308,0
DA:2310,0
DA:2311,0
DA:2312,0
DA:2313,0
DA:2314,0
DA:2316,0
DA:2317,0
DA:2329,0
DA:2330,0
DA:2338,0
DA:2339,0
DA:2341,0
DA:2342,0
DA:2358,0
DA:2362,0
DA:2363,0
DA:2370,0
DA:2371,0
DA:2372,0
DA:2373,0
DA:2374,0
DA:2375,0
DA:2378,0
DA:2379,0
DA:2380,0
DA:2381,0
DA:2382,0
DA:2383,0
DA:2384,0
DA:2385,0
DA:2386,0
DA:2387,0
DA:2388,0
DA:2389,0
DA:2390,0
DA:2391,0
DA:2392,0
DA:2393,0
DA:2394,0
DA:2395,0
DA:2396,0
DA:2397,0
DA:2398,0
DA:2399,0
DA:2400,0
DA:2401,0
DA:2402,0
DA:2403,0
DA:2404,0
DA:2405,0
DA:2406,0
DA:2407,0
DA:2408,0
DA:2410,0
DA:2411,0
DA:2412,0
DA:2413,0
DA:2414,0
DA:2415,0
DA:2416,0
DA:2417,0
DA:2418,0
DA:2419,0
DA:2420,0
DA:2421,0
DA:2422,0
DA:2423,0
DA:2424,0
DA:2425,0
DA:2426,0
DA:2428,0
DA:2435,0
DA:2438,0
DA:2439,0
DA:2441,0
DA:2442,0
DA:2444,0
DA:2447,0
DA:2448,0
DA:2449,0
DA:2450,0
DA:2452,0
DA:2455,0
DA:2456,0
DA:2457,0
DA:2458,0
DA:2462,0
DA:2464,0
DA:2466,0
DA:2467,0
DA:2468,0
DA:2469,0
DA:2471,0
DA:2473,0
DA:2474,0
DA:2475,0
DA:2476,0
DA:2477,0
DA:2479,0
DA:2480,0
DA:2481,0
DA:2483,0
DA:2484,0
DA:2486,0
DA:2487,0
DA:2489,0
DA:2497,0
DA:2499,0
DA:2501,0
DA:2508,0
DA:2509,0
DA:2511,0
DA:2517,0
DA:2518,0
DA:2521,0
DA:2523,0
DA:2525,0
DA:2543,0
DA:2554,0
DA:2556,0
DA:2558,0
DA:2560,0
DA:2569,0
DA:2571,0
DA:2572,0
DA:2578,0
DA:2579,0
DA:2582,0
DA:2583,0
DA:2592,0
DA:2595,0
DA:2596,0
DA:2597,0
DA:2602,0
DA:2605,0
DA:2610,0
DA:2612,0
DA:2613,0
DA:2614,0
DA:2627,0
DA:2628,0
DA:2629,0
DA:2630,0
DA:2631,0
DA:2632,0
DA:2633,0
DA:2634,0
DA:2635,0
DA:2636,0
DA:2637,0
DA:2638,0
DA:2639,0
DA:2640,0
DA:2641,0
DA:2642,0
DA:2647,0
DA:2649,0
DA:2650,0
DA:2651,0
DA:2652,0
DA:2654,0
DA:2655,0
DA:2656,0
DA:2658,0
DA:2659,0
DA:2660,0
DA:2665,0
DA:2666,0
DA:2667,0
DA:2679,0
DA:2682,0
DA:2683,0
DA:2684,0
DA:2686,0
DA:2687,0
DA:2688,0
DA:2689,0
DA:2690,0
DA:2693,0
DA:2694,0
DA:2695,0
DA:2696,0
DA:2702,0
DA:2705,0
DA:2788,0
DA:2789,0
DA:2790,0
DA:2791,0
DA:2794,0
DA:2795,0
DA:2796,0
DA:2797,0
DA:2798,0
DA:2801,0
DA:2802,0
DA:2803,0
DA:2804,0
DA:2805,0
DA:2806,0
DA:2807,0
DA:2808,0
DA:2810,0
DA:2811,0
DA:2814,0
DA:2820,0
DA:2821,0
DA:2822,0
DA:2823,0
DA:2826,0
DA:2832,0
DA:2833,0
DA:2834,0
DA:2835,0
DA:2838,0
DA:2844,0
DA:2869,0
DA:2871,0
DA:2873,0
DA:2874,0
DA:2876,0
DA:2877,0
DA:2878,0
DA:2880,0
DA:2881,0
DA:2886,0
DA:2889,0
DA:2891,0
DA:2892,0
DA:2893,0
DA:2894,0
DA:2905,0
DA:2906,0
DA:2908,0
DA:2909,0
DA:2917,0
DA:2918,0
DA:2921,0
DA:2922,0
DA:2923,0
DA:2929,0
DA:2932,0
DA:2937,0
DA:2938,0
DA:2940,0
DA:2943,0
DA:2944,0
DA:2947,0
DA:2948,0
DA:2949,0
DA:2950,0
DA:2951,0
DA:2956,0
DA:2959,0
DA:2960,0
DA:2962,0
DA:2966,0
DA:2976,0
DA:2977,0
DA:2978,0
DA:2980,0
DA:2981,0
DA:2984,0
DA:2995,0
DA:2998,0
DA:3000,0
DA:3001,0
DA:3002,0
DA:3003,0
DA:3005,0
DA:3006,0
DA:3008,0
DA:3015,0
DA:3018,0
DA:3019,0
DA:3021,0
DA:3023,0
DA:3024,0
DA:3025,0
DA:3026,0
DA:3027,0
DA:3029,0
DA:3030,0
DA:3032,0
DA:3033,0
DA:3034,0
DA:3036,0
DA:3045,0
DA:3048,0
DA:3050,0
DA:3051,0
DA:3053,0
DA:3055,0
DA:3056,0
DA:3057,0
DA:3059,0
DA:3062,0
DA:3064,0
DA:3066,0
DA:3067,0
DA:3069,0
DA:3071,0
DA:3074,0
DA:3075,0
DA:3080,0
DA:3083,0
DA:3084,0
DA:3095,0
DA:3096,0
DA:3097,0
DA:3098,0
DA:3099,0
DA:3101,0
DA:3102,0
DA:3103,0
DA:3104,0
DA:3105,0
DA:3107,0
DA:3108,0
DA:3109,0
DA:3110,0
DA:3111,0
DA:3112,0
DA:3114,0
DA:3117,0
DA:3119,0
DA:3120,0
DA:3121,0
DA:3122,0
DA:3124,0
DA:3126,0
DA:3127,0
DA:3128,0
DA:3136,0
DA:3137,0
DA:3139,0
DA:3140,0
DA:3141,0
DA:3142,0
DA:3145,0
DA:3147,0
DA:3148,0
DA:3150,0
DA:3151,0
DA:3154,0
DA:3155,0
DA:3156,0
DA:3171,0
DA:3172,0
DA:3174,0
DA:3175,0
DA:3176,0
DA:3177,0
DA:3180,0
DA:3182,0
DA:3183,0
DA:3185,0
DA:3186,0
DA:3189,0
DA:3190,0
DA:3191,0
DA:3206,0
DA:3207,0
DA:3209,0
DA:3213,0
DA:3214,0
DA:3215,0
DA:3217,0
DA:3218,0
DA:3219,0
DA:3221,0
DA:3222,0
DA:3223,0
DA:3227,0
DA:3228,0
DA:3229,0
DA:3231,0
DA:3232,0
DA:3233,0
DA:3234,0
DA:3239,0
DA:3243,0
DA:3245,0
DA:3246,0
DA:3253,0
DA:3254,0
DA:3255,0
DA:3256,0
DA:3257,0
DA:3262,0
DA:3264,0
DA:3265,0
DA:3267,0
DA:3268,0
DA:3278,0
DA:3279,0
DA:3281,0
DA:3282,0
DA:3283,0
DA:3285,0
DA:3286,0
DA:3288,0
DA:3289,0
DA:3290,0
DA:3291,0
DA:3294,0
DA:3296,0
DA:3297,0
DA:3298,0
DA:3299,0
DA:3300,0
DA:3302,0
DA:3303,0
DA:3308,0
DA:3309,0
DA:3310,0
DA:3312,0
DA:3323,0
DA:3330,0
DA:3335,0
DA:3337,0
DA:3339,0
DA:3341,0
DA:3344,0
DA:3346,0
DA:3347,0
DA:3366,1
DA:3370,0
DA:3371,0
DA:3378,0
DA:3380,0
DA:3381,0
DA:3385,0
DA:3386,0
DA:3390,0
DA:3392,0
DA:3393,0
DA:3396,0
DA:3398,0
DA:3399,0
DA:3400,0
DA:3411,0
DA:3434,0
DA:3436,0
DA:3438,0
DA:3440,0
DA:3441,0
DA:3442,0
DA:3444,0
DA:3446,0
DA:3448,0
DA:3449,0
DA:3450,0
DA:3451,0
DA:3454,0
DA:3456,0
DA:3457,0
DA:3459,0
DA:3461,0
DA:3464,0
DA:3465,0
DA:3469,0
DA:3470,0
DA:3480,0
DA:3481,0
DA:3483,0
DA:3485,0
DA:3487,0
DA:3488,0
DA:3489,0
DA:3490,0
DA:3491,0
DA:3495,0
DA:3496,0
DA:3497,0
DA:3498,0
DA:3499,0
DA:3504,0
DA:3507,0
DA:3508,0
DA:3522,0
DA:3525,0
DA:3527,0
DA:3528,0
DA:3529,0
DA:3530,0
DA:3531,0
DA:3537,0
DA:3539,0
DA:3540,0
DA:3541,0
DA:3542,0
DA:3546,0
DA:3549,0
DA:3558,0
DA:3559,0
DA:3560,0
DA:3564,0
DA:3565,0
DA:3572,0
DA:3575,0
DA:3576,0
DA:3579,0
DA:3581,0
DA:3583,0
DA:3584,0
DA:3602,0
DA:3603,0
DA:3605,0
DA:3606,0
DA:3609,0
DA:3610,0
DA:3611,0
DA:3612,0
DA:3613,0
DA:3614,0
DA:3615,0
DA:3616,0
DA:3617,0
DA:3618,0
DA:3619,0
DA:3620,0
DA:3624,0
DA:3673,0
DA:3674,0
DA:3692,0
DA:3694,0
DA:3695,0
DA:3696,0
DA:3697,0
DA:3698,0
DA:3699,0
DA:3700,0
DA:3701,0
DA:3702,0
DA:3703,0
DA:3704,0
DA:3705,0
DA:3706,0
DA:3707,0
DA:3708,0
DA:3709,0
DA:3710,0
DA:3711,0
DA:3712,0
DA:3715,0
DA:3717,0
DA:3718,0
DA:3719,0
DA:3720,0
DA:3721,0
DA:3724,0
DA:3725,0
DA:3727,0
DA:3728,0
DA:3729,0
DA:3730,0
DA:3731,0
DA:3732,0
DA:3737,0
DA:3738,0
DA:3739,0
DA:3742,0
DA:3746,0
DA:3748,0
DA:3752,0
DA:3753,0
DA:3754,0
DA:3755,0
DA:3756,0
DA:3757,0
DA:3758,0
DA:3764,0
DA:3765,0
DA:3766,0
DA:3772,0
DA:3774,0
DA:3776,0
DA:3779,0
DA:3780,0
DA:3781,0
DA:3784,0
DA:3785,0
DA:3786,0
DA:3787,0
DA:3789,0
DA:3792,0
DA:3793,0
DA:3794,0
DA:3800,0
DA:3801,0
DA:3802,0
DA:3808,0
DA:3809,0
DA:3810,0
DA:3811,0
DA:3812,0
DA:3813,0
DA:3815,0
DA:3816,0
DA:3817,0
DA:3818,0
DA:3819,0
DA:3820,0
DA:3821,0
DA:3826,0
DA:3828,0
DA:3829,0
DA:3830,0
DA:3832,0
DA:3845,0
DA:3846,0
DA:3849,0
DA:3850,0
DA:3851,0
DA:3854,0
DA:3856,0
DA:3879,0
DA:3881,0
DA:3882,0
DA:3886,0
DA:3888,0
DA:3890,0
DA:3896,0
DA:3900,0
DA:3902,0
DA:3904,0
DA:3910,0
DA:3914,0
DA:3916,0
DA:3920,0
DA:3921,0
DA:3931,0
DA:3932,0
DA:3933,0
DA:3934,0
DA:3935,0
DA:3951,0
DA:3952,0
DA:3953,0
DA:3954,0
DA:3956,0
DA:3957,0
DA:3959,0
DA:3960,0
DA:3961,0
DA:3962,0
DA:3964,0
DA:3970,0
DA:3972,0
DA:3973,0
DA:3975,0
DA:3976,0
DA:3979,0
DA:3980,0
DA:3981,0
DA:3989,0
DA:3990,0
DA:3991,0
DA:3992,0
DA:3993,0
DA:4009,0
DA:4010,0
DA:4012,0
DA:4018,0
DA:4019,0
DA:4021,0
DA:4022,0
DA:4028,0
DA:4030,0
DA:4031,0
DA:4033,0
DA:4034,0
DA:4037,0
DA:4038,0
DA:4050,0
DA:4052,0
DA:4053,0
DA:4055,0
DA:4064,0
DA:4065,0
DA:4074,0
DA:4075,0
DA:4081,0
DA:4082,0
DA:4083,0
DA:4086,0
DA:4088,0
DA:4089,0
DA:4090,0
DA:4091,0
DA:4092,0
DA:4093,0
DA:4101,0
DA:4103,0
DA:4104,0
DA:4108,0
DA:4115,0
DA:4117,0
DA:4138,0
DA:4139,0
DA:4141,0
DA:4142,0
DA:4143,0
DA:4151,0
DA:4153,0
DA:4174,0
DA:4175,0
DA:4177,0
DA:4178,0
DA:4179,0
DA:4185,0
DA:4187,0
DA:4188,0
DA:4195,0
DA:4198,0
DA:4199,0
DA:4206,0
DA:4209,0
DA:4210,0
DA:4212,0
DA:4233,0
DA:4234,0
DA:4236,0
DA:4237,0
DA:4238,0
DA:4243,0
DA:4245,0
DA:4246,0
DA:4253,0
DA:4254,0
DA:4256,0
DA:4258,0
DA:4259,0
DA:4261,0
DA:4262,0
DA:4267,0
DA:4268,0
DA:4276,0
DA:4278,0
DA:4280,0
DA:4281,0
DA:4287,0
DA:4297,0
DA:4298,0
DA:4301,0
DA:4303,0
DA:4306,0
DA:4308,0
DA:4309,0
DA:4314,0
DA:4315,0
DA:4316,0
DA:4323,0
DA:4325,0
DA:4326,0
DA:4332,0
DA:4334,0
DA:4349,0
DA:4362,0
DA:4363,0
DA:4375,0
DA:4377,0
DA:4378,0
DA:4379,0
DA:4380,0
DA:4381,0
DA:4382,0
DA:4384,0
DA:4385,0
DA:4386,0
DA:4389,0
DA:4392,0
DA:4394,0
DA:4395,0
DA:4396,0
DA:4397,0
DA:4398,0
DA:4399,0
DA:4402,0
DA:4403,0
DA:4405,0
DA:4406,0
DA:4408,0
DA:4409,0
DA:4410,0
DA:4413,0
DA:4417,0
DA:4419,0
DA:4420,0
DA:4421,0
DA:4422,0
DA:4424,0
DA:4425,0
DA:4426,0
DA:4428,0
DA:4429,0
DA:4437,0
DA:4438,0
DA:4441,0
DA:4443,0
DA:4444,0
DA:4445,0
DA:4451,0
DA:4452,0
DA:4453,0
DA:4454,0
DA:4456,0
DA:4457,0
DA:4458,0
DA:4459,0
DA:4462,0
DA:4463,0
DA:4470,0
DA:4472,0
DA:4473,0
DA:4474,0
DA:4475,0
DA:4483,0
DA:4484,0
DA:4485,0
DA:4492,0
DA:4493,0
DA:4494,0
DA:4495,0
DA:4496,0
DA:4497,0
DA:4506,0
DA:4507,0
DA:4508,0
DA:4519,0
DA:4520,0
DA:4521,0
DA:4523,0
DA:4531,0
DA:4532,0
DA:4534,0
DA:4535,0
DA:4536,0
DA:4537,0
DA:4538,0
DA:4541,0
DA:4542,0
DA:4547,0
DA:4548,0
DA:4549,0
DA:4550,0
DA:4551,0
DA:4552,0
DA:4557,0
DA:4558,0
DA:4559,0
DA:4560,0
DA:4561,0
DA:4563,0
DA:4564,0
DA:4565,0
DA:4566,0
DA:4567,0
DA:4568,0
DA:4569,0
DA:4570,0
DA:4571,0
DA:4572,0
DA:4573,0
DA:4589,0
DA:4604,0
DA:4605,0
DA:4614,0
DA:4616,0
DA:4617,0
DA:4618,0
DA:4621,0
DA:4623,0
DA:4624,0
DA:4625,0
DA:4628,0
DA:4629,0
DA:4631,0
DA:4632,0
DA:4634,0
DA:4635,0
DA:4636,0
DA:4639,0
DA:4643,0
DA:4645,0
DA:4646,0
DA:4647,0
DA:4648,0
DA:4650,0
DA:4652,0
DA:4653,0
DA:4655,0
DA:4656,0
DA:4657,0
DA:4658,0
DA:4659,0
DA:4660,0
DA:4662,0
DA:4666,0
DA:4667,0
DA:4668,0
DA:4680,0
DA:4681,0
DA:4688,0
DA:4690,0
DA:4691,0
DA:4692,0
DA:4693,0
DA:4694,0
DA:4695,0
DA:4697,0
DA:4702,0
DA:4703,0
DA:4709,0
DA:4711,0
DA:4712,0
DA:4723,0
DA:4734,0
DA:4736,0
DA:4737,0
DA:4740,0
DA:4742,0
DA:4745,0
DA:4747,0
DA:4748,0
DA:4749,0
DA:4750,0
DA:4751,0
DA:4757,0
DA:4758,0
DA:4761,0
DA:4762,0
DA:4763,0
DA:4764,0
DA:4771,0
DA:4772,0
DA:4777,0
DA:4787,0
DA:4798,0
DA:4800,0
DA:4801,0
DA:4802,0
DA:4803,0
DA:4804,0
DA:4808,0
DA:4809,0
DA:4812,0
DA:4813,0
DA:4822,1
DA:4824,0
DA:4826,0
DA:4829,0
DA:4831,0
DA:4841,0
DA:4852,0
DA:4853,0
DA:4859,0
DA:4861,0
DA:4862,0
DA:4866,0
DA:4867,0
DA:4871,0
DA:4873,0
DA:4874,0
DA:4875,0
DA:4876,0
DA:4877,0
DA:4878,0
DA:4879,0
DA:4881,0
DA:4882,0
DA:4883,0
DA:4884,0
DA:4886,0
DA:4888,0
DA:4892,0
DA:4894,0
DA:4895,0
DA:4898,0
DA:4900,0
DA:4902,0
DA:4906,0
DA:4909,0
DA:4911,0
DA:4912,0
DA:4913,0
DA:4914,0
DA:4916,0
DA:4917,0
DA:4920,0
DA:4922,0
DA:4923,0
DA:4924,0
DA:4925,0
DA:4929,0
DA:4931,0
DA:4932,0
DA:4933,0
DA:4934,0
DA:4938,0
DA:4940,0
DA:4941,0
DA:4942,0
DA:4943,0
DA:4956,0
DA:4958,0
DA:4962,0
DA:4964,0
DA:4965,0
DA:4966,0
DA:4967,0
DA:4968,0
DA:4969,0
DA:4970,0
DA:4972,0
DA:4973,0
DA:4974,0
DA:4976,0
DA:4977,0
DA:4978,0
DA:4979,0
DA:4980,0
DA:4981,0
DA:4982,0
DA:4983,0
DA:4984,0
DA:4991,0
DA:4992,0
DA:4993,0
DA:4995,0
DA:4996,0
DA:4997,0
DA:4998,0
DA:4999,0
DA:5000,0
DA:5002,0
DA:5004,0
DA:5008,0
DA:5014,0
DA:5016,0
DA:5017,0
DA:5018,0
DA:5019,0
DA:5020,0
DA:5022,0
DA:5023,0
DA:5029,0
DA:5031,0
DA:5032,0
DA:5033,0
DA:5034,0
DA:5036,0
DA:5039,0
DA:5040,0
DA:5041,0
DA:5042,0
DA:5043,0
DA:5044,0
DA:5048,0
DA:5049,0
DA:5050,0
DA:5051,0
DA:5052,0
DA:5053,0
DA:5055,0
DA:5057,0
DA:5062,0
DA:5063,0
DA:5067,0
DA:5068,0
DA:5074,0
DA:5075,0
DA:5076,0
DA:5077,0
DA:5078,0
DA:5080,0
DA:5081,0
DA:5083,0
DA:5087,0
DA:5088,0
DA:5089,0
DA:5090,0
DA:5092,0
DA:5094,0
DA:5100,0
DA:5101,0
DA:5102,0
DA:5104,0
DA:5105,0
DA:5106,0
DA:5111,0
DA:5115,0
DA:5121,0
DA:5123,0
DA:5124,0
DA:5125,0
DA:5126,0
DA:5127,0
DA:5129,0
DA:5130,0
DA:5136,0
DA:5138,0
DA:5139,0
DA:5140,0
DA:5141,0
DA:5143,0
DA:5146,0
DA:5147,0
DA:5148,0
DA:5149,0
DA:5150,0
DA:5151,0
DA:5155,0
DA:5156,0
DA:5157,0
DA:5158,0
DA:5159,0
DA:5160,0
DA:5162,0
DA:5164,0
DA:5169,0
DA:5170,0
DA:5174,0
DA:5175,0
DA:5181,0
DA:5182,0
DA:5183,0
DA:5184,0
DA:5186,0
DA:5187,0
DA:5188,0
DA:5193,0
DA:5194,0
DA:5195,0
DA:5196,0
DA:5198,0
DA:5200,0
DA:5205,0
DA:5206,0
DA:5207,0
DA:5209,0
DA:5210,0
DA:5211,0
DA:5218,0
DA:5219,0
DA:5221,0
DA:5222,0
DA:5223,0
DA:5224,0
DA:5225,0
DA:5229,0
DA:5230,0
DA:5231,0
DA:5232,0
DA:5233,0
DA:5234,0
DA:5235,0
DA:5236,0
DA:5237,0
DA:5238,0
DA:5239,0
DA:5240,0
DA:5241,0
DA:5242,0
DA:5255,0
DA:5259,0
DA:5265,0
DA:5267,0
DA:5268,0
DA:5270,0
DA:5271,0
DA:5273,0
DA:5274,0
DA:5275,0
DA:5276,0
DA:5277,0
DA:5282,0
DA:5283,0
DA:5284,0
DA:5285,0
DA:5287,0
DA:5288,0
DA:5289,0
DA:5290,0
DA:5292,0
DA:5293,0
DA:5294,0
DA:5295,0
DA:5296,0
DA:5297,0
DA:5302,0
DA:5303,0
DA:5304,0
DA:5305,0
DA:5307,0
DA:5308,0
DA:5309,0
DA:5310,0
DA:5312,0
DA:5313,0
DA:5314,0
DA:5315,0
DA:5316,0
DA:5317,0
DA:5321,0
DA:5322,0
DA:5323,0
DA:5324,0
DA:5326,0
DA:5327,0
DA:5328,0
DA:5329,0
DA:5331,0
DA:5332,0
DA:5333,0
DA:5334,0
DA:5335,0
DA:5336,0
DA:5337,0
DA:5339,0
DA:5340,0
DA:5341,0
DA:5342,0
DA:5346,0
DA:5347,0
DA:5355,0
DA:5357,0
DA:5361,0
DA:5362,0
DA:5363,0
DA:5364,0
DA:5365,0
DA:5368,0
DA:5375,0
DA:5376,0
DA:5377,0
DA:5379,0
DA:5380,0
DA:5384,0
DA:5385,0
DA:5386,0
DA:5387,0
DA:5388,0
DA:5389,0
DA:5390,0
DA:5391,0
DA:5392,0
DA:5393,0
DA:5394,0
DA:5396,0
DA:5399,0
DA:5400,0
DA:5401,0
DA:5406,1
DA:5430,0
DA:5439,0
DA:5440,0
DA:5442,0
DA:5443,0
DA:5444,0
DA:5450,0
DA:5451,0
DA:5452,0
DA:5453,0
DA:5454,0
DA:5455,0
DA:5456,0
DA:5457,0
DA:5458,0
DA:5460,0
DA:5471,0
DA:5479,0
DA:5480,0
DA:5481,0
DA:5482,0
DA:5483,0
DA:5484,0
DA:5485,0
DA:5489,0
DA:5490,0
DA:5491,0
DA:5492,0
DA:5493,0
DA:5494,0
DA:5495,0
DA:5496,0
DA:5500,0
DA:5501,0
DA:5502,0
DA:5503,0
DA:5514,1
DA:5522,0
DA:5532,0
DA:5533,0
DA:5534,0
DA:5535,0
DA:5536,0
DA:5537,0
DA:5538,0
DA:5539,0
DA:5541,0
DA:5545,0
DA:5546,0
DA:5547,0
DA:5548,0
DA:5549,0
DA:5550,0
DA:5553,0
DA:5560,0
DA:5561,0
DA:5562,0
DA:5563,0
DA:5564,0
DA:5565,0
DA:5583,0
DA:5585,0
DA:5586,0
DA:5587,0
DA:5588,0
DA:5593,1
DA:5620,0
DA:5631,0
DA:5641,0
DA:5642,0
DA:5643,0
DA:5644,0
DA:5645,0
DA:5646,0
DA:5647,0
DA:5648,0
DA:5649,0
DA:5653,0
DA:5654,0
DA:5655,0
DA:5656,0
DA:5657,0
DA:5658,0
DA:5659,0
DA:5660,0
DA:5661,0
DA:5662,0
DA:5663,0
DA:5664,0
DA:5665,0
DA:5666,0
DA:5667,0
DA:5668,0
DA:5671,0
DA:5672,0
DA:5673,0
DA:5674,0
DA:5675,0
DA:5676,0
DA:5678,0
DA:5679,0
DA:5680,0
DA:5681,0
DA:5682,0
DA:5684,0
DA:5685,0
DA:5686,0
DA:5687,0
DA:5688,0
DA:5690,0
DA:5691,0
DA:5692,0
DA:5693,0
DA:5694,0
DA:5992,0
DA:5998,0
DA:5999,0
DA:6007,0
DA:6009,0
DA:6010,0
DA:6011,0
DA:6012,0
DA:6016,0
DA:6018,0
DA:6019,0
DA:6022,0
DA:6023,0
DA:6024,0
DA:6025,0
DA:6026,0
DA:6027,0
DA:6031,0
DA:6032,0
DA:6033,0
DA:6038,0
DA:6040,0
DA:6042,0
DA:6047,0
DA:6048,0
DA:6049,0
DA:6052,0
DA:6053,0
DA:6059,0
DA:6061,0
DA:6062,0
DA:6064,0
DA:6066,0
DA:6068,0
DA:6069,0
DA:6071,0
DA:6073,0
DA:6074,0
DA:6080,0
DA:6082,0
DA:6083,0
DA:6084,0
DA:6087,0
DA:6088,0
DA:6090,0
DA:6097,0
DA:6098,0
DA:6099,0
DA:6102,0
DA:6108,0
DA:6109,0
DA:6110,0
DA:6113,0
DA:6114,0
DA:6118,0
DA:6123,0
DA:6124,0
DA:6125,0
DA:6126,0
DA:6127,0
DA:6131,0
DA:6134,0
DA:6139,0
DA:6140,0
DA:6141,0
DA:6142,0
DA:6143,0
DA:6144,0
DA:6145,0
DA:6148,0
DA:6150,0
DA:6151,0
DA:6152,0
DA:6154,0
DA:6155,0
DA:6156,0
DA:6157,0
DA:6158,0
DA:6159,0
DA:6160,0
DA:6164,0
DA:6170,0
DA:6173,0
DA:6175,0
DA:6176,0
DA:6177,0
DA:6180,0
DA:6181,0
DA:6182,0
DA:6183,0
DA:6184,0
DA:6185,0
DA:6186,0
DA:6187,0
DA:6190,0
DA:6192,0
DA:6193,0
DA:6195,0
DA:6196,0
DA:6199,0
DA:6200,0
DA:6201,0
DA:6213,0
DA:6215,0
DA:6221,0
DA:6222,0
DA:6225,0
DA:6234,0
DA:6236,0
DA:6238,0
DA:6241,0
DA:6243,0
DA:6244,0
DA:6246,0
DA:6248,0
DA:6249,0
DA:6256,0
DA:6258,0
DA:6260,0
DA:6261,0
DA:6262,0
DA:6264,0
DA:6265,0
DA:6269,0
DA:6280,0
DA:6283,0
DA:6285,0
DA:6286,0
DA:6301,0
DA:6303,0
DA:6304,0
DA:6312,0
DA:6314,0
DA:6315,0
DA:6316,0
DA:6330,0
DA:6331,0
DA:6332,0
DA:6333,0
DA:6334,0
DA:6335,0
DA:6336,0
DA:6340,0
DA:6343,0
DA:6345,0
DA:6349,0
DA:6353,0
DA:6354,0
DA:6355,0
DA:6356,0
DA:6360,0
DA:6361,0
DA:6366,0
DA:6368,0
DA:6369,0
DA:6370,0
DA:6373,0
DA:6374,0
DA:6376,0
DA:6377,0
DA:6378,0
DA:6379,0
DA:6380,0
DA:6381,0
DA:6382,0
DA:6383,0
DA:6386,0
DA:6388,0
DA:6394,0
DA:6395,0
DA:6396,0
DA:6397,0
DA:6398,0
DA:6401,0
DA:6405,0
DA:6406,0
DA:6408,0
DA:6409,0
DA:6421,1
DA:6431,1
DA:6432,0
DA:6434,0
DA:6435,0
DA:6436,0
DA:6439,3
DA:6442,1
DA:6444,2
DA:6445,0
DA:6449,1
DA:6452,2
DA:6453,3
DA:6454,2
DA:6455,1
DA:6456,1
DA:6460,1
DA:6461,1
DA:6462,1
DA:6465,1
DA:6466,1
DA:6467,3
DA:6468,3
DA:6469,1
DA:6471,1
DA:6472,2
DA:6480,1
DA:6481,1
DA:6484,1
DA:6485,3
DA:6486,3
DA:6487,1
DA:6495,2
DA:6496,0
DA:6497,0
DA:6498,0
DA:6502,0
DA:6503,0
DA:6504,0
DA:6505,0
DA:6506,0
DA:6507,0
DA:6508,0
DA:6511,0
DA:6518,0
DA:6523,1
DA:6524,7
DA:6525,3
DA:6526,1
DA:6527,1
DA:6529,1
DA:6531,1
DA:6532,0
DA:6533,0
DA:6534,0
DA:6535,0
DA:6536,0
DA:6538,0
DA:6539,0
DA:6540,0
DA:6541,0
DA:6545,0
DA:6550,1
DA:6553,1
DA:6554,3
DA:6556,1
DA:6557,1
DA:6558,1
DA:6559,11
DA:6561,3
DA:6565,1
DA:6567,2
DA:6569,1
DA:6574,1
DA:6576,4
DA:6586,0
DA:6587,0
DA:6588,0
DA:6589,0
DA:6592,0
DA:6594,0
DA:6595,0
DA:6596,0
DA:6597,0
DA:6598,0
DA:6600,0
DA:6601,0
DA:6602,0
DA:6603,0
DA:6611,0
DA:6614,0
DA:6615,0
DA:6617,0
DA:6618,0
DA:6619,0
DA:6620,0
DA:6621,0
DA:6622,0
DA:6623,0
DA:6624,0
DA:6625,0
DA:6626,0
DA:6627,0
DA:6631,0
DA:6633,0
DA:6641,0
DA:6648,1
DA:6649,1
DA:6652,1
DA:6654,1
DA:6655,2
DA:6658,1
DA:6660,1
DA:6662,1
DA:6664,1
DA:6673,1
DA:6674,1
DA:6684,0
DA:6687,0
DA:6689,0
DA:6690,0
DA:6692,0
DA:6693,0
DA:6703,0
DA:6705,0
DA:6706,0
DA:6714,0
DA:6716,0
DA:6717,0
DA:6718,0
DA:6721,0
DA:6723,0
DA:6725,0
DA:6726,0
DA:6727,0
DA:6729,0
DA:6730,0
DA:6733,0
DA:6734,0
DA:6737,0
DA:6743,0
DA:6744,0
DA:6745,0
DA:6746,0
DA:6747,0
DA:6750,0
DA:6751,0
DA:6752,0
DA:6754,0
DA:6755,0
DA:6756,0
DA:6761,0
DA:6763,0
DA:6765,0
DA:6769,0
DA:6771,0
DA:6772,0
DA:6793,0
DA:6794,0
DA:6795,0
DA:6797,0
DA:6798,0
DA:6801,0
DA:6803,0
DA:6804,0
DA:6805,0
DA:6806,0
DA:6810,0
DA:6811,0
DA:6812,0
DA:6813,0
DA:6815,0
DA:6817,0
DA:6820,0
DA:6825,0
DA:6826,0
DA:6830,0
LF:2825
LH:66
end_of_record
