SF:lib/main.dart
DA:19,0
DA:20,0
DA:21,0
DA:25,0
DA:33,0
DA:37,1
DA:39,0
DA:41,0
DA:42,0
DA:45,0
DA:47,0
DA:61,1
DA:63,0
DA:64,0
DA:68,0
DA:94,0
DA:95,0
DA:96,0
DA:98,0
DA:99,0
DA:100,0
DA:102,0
DA:105,0
DA:106,0
DA:107,0
DA:110,0
DA:117,0
DA:118,0
DA:120,0
DA:121,0
DA:124,0
DA:125,0
DA:126,0
DA:127,0
DA:129,0
DA:130,0
DA:131,0
DA:132,0
DA:133,0
DA:136,0
DA:137,0
DA:141,0
DA:142,0
DA:147,0
DA:148,0
DA:149,0
DA:150,0
DA:151,0
DA:152,0
DA:156,0
DA:157,0
DA:158,0
DA:159,0
DA:160,0
DA:161,0
DA:162,0
DA:163,0
DA:164,0
DA:165,0
DA:168,0
DA:169,0
DA:170,0
DA:171,0
DA:175,0
DA:176,0
DA:177,0
DA:182,0
DA:183,0
DA:184,0
DA:185,0
DA:188,0
DA:191,0
DA:192,0
DA:194,0
DA:195,0
DA:197,0
DA:198,0
DA:199,0
DA:200,0
DA:203,0
DA:205,0
DA:206,0
DA:209,0
DA:211,0
DA:212,0
DA:213,0
DA:216,0
DA:217,0
DA:218,0
DA:219,0
DA:220,0
DA:221,0
DA:223,0
DA:224,0
DA:226,0
DA:230,0
DA:232,0
DA:233,0
DA:234,0
DA:235,0
DA:239,0
DA:243,0
DA:246,0
DA:248,0
DA:249,0
DA:251,0
DA:252,0
DA:253,0
DA:254,0
DA:256,0
DA:259,0
DA:260,0
DA:261,0
DA:262,0
DA:264,0
DA:265,0
DA:266,0
DA:267,0
DA:268,0
DA:269,0
DA:270,0
DA:271,0
DA:272,0
DA:274,0
DA:275,0
DA:279,0
DA:282,0
DA:283,0
DA:284,0
DA:285,0
DA:286,0
DA:287,0
DA:289,0
DA:290,0
DA:292,0
DA:295,0
DA:296,0
DA:297,0
DA:299,0
DA:303,0
DA:304,0
DA:305,0
DA:306,0
DA:307,0
DA:308,0
DA:309,0
DA:311,0
DA:316,0
DA:318,0
DA:319,0
DA:321,0
DA:322,0
DA:323,0
DA:324,0
DA:326,0
DA:327,0
DA:328,0
DA:330,0
DA:334,0
DA:335,0
DA:373,0
DA:374,0
DA:376,0
DA:381,0
DA:382,0
DA:383,0
DA:384,0
DA:385,0
DA:386,0
DA:389,0
DA:390,0
DA:391,0
DA:392,0
DA:396,0
DA:397,0
DA:398,0
DA:400,0
DA:401,0
DA:402,0
DA:406,0
DA:407,0
DA:410,0
DA:411,0
DA:417,0
DA:418,0
DA:419,0
DA:420,0
DA:422,0
DA:424,0
DA:426,0
DA:427,0
DA:428,0
DA:429,0
DA:430,0
DA:431,0
DA:436,0
DA:437,0
DA:440,0
DA:441,0
DA:442,0
DA:444,0
DA:445,0
DA:447,0
DA:448,0
DA:449,0
DA:450,0
DA:453,0
DA:457,0
DA:458,0
DA:459,0
DA:460,0
DA:461,0
DA:462,0
DA:466,0
DA:467,0
DA:470,0
DA:471,0
DA:472,0
DA:477,0
DA:478,0
DA:479,0
DA:480,0
DA:481,0
DA:484,0
DA:486,0
DA:487,0
DA:488,0
DA:492,0
DA:493,0
DA:523,0
DA:524,0
DA:525,0
DA:527,0
DA:528,0
DA:530,0
DA:531,0
DA:532,0
DA:533,0
DA:535,0
DA:536,0
DA:540,0
DA:541,0
DA:542,0
DA:544,0
DA:546,0
DA:548,0
DA:549,0
DA:551,0
DA:552,0
DA:553,0
DA:554,0
DA:555,0
DA:556,0
DA:558,0
DA:560,0
DA:561,0
DA:562,0
DA:572,0
DA:573,0
DA:577,0
DA:578,0
DA:581,0
DA:584,0
DA:585,0
DA:588,0
DA:589,0
DA:590,0
DA:593,0
DA:594,0
DA:595,0
DA:596,0
DA:597,0
DA:598,0
DA:607,0
DA:608,0
DA:615,0
DA:616,0
DA:617,0
DA:621,0
DA:622,0
DA:624,0
DA:625,0
DA:626,0
DA:627,0
DA:628,0
DA:633,0
DA:634,0
DA:637,0
DA:638,0
DA:639,0
DA:663,0
DA:664,0
DA:737,0
DA:738,0
DA:739,0
DA:742,0
DA:743,0
DA:747,0
DA:748,0
DA:751,0
DA:752,0
DA:756,0
DA:758,0
DA:765,0
DA:769,0
DA:771,0
DA:772,0
DA:773,0
DA:774,0
DA:775,0
DA:780,0
DA:781,0
DA:782,0
DA:783,0
DA:785,0
DA:789,0
DA:790,0
DA:791,0
DA:792,0
DA:794,0
DA:795,0
DA:797,0
DA:799,0
DA:803,0
DA:804,0
DA:805,0
DA:806,0
DA:807,0
DA:808,0
DA:809,0
DA:814,0
DA:818,0
DA:819,0
DA:820,0
DA:824,0
DA:825,0
DA:827,0
DA:828,0
DA:833,0
DA:834,0
DA:837,0
DA:839,0
DA:840,0
DA:841,0
DA:844,0
DA:850,0
DA:851,0
DA:852,0
DA:853,0
DA:854,0
DA:855,0
DA:860,0
DA:864,0
DA:865,0
DA:868,0
DA:869,0
DA:870,0
DA:872,0
DA:873,0
DA:874,0
DA:876,0
DA:877,0
DA:878,0
DA:879,0
DA:880,0
DA:882,0
DA:883,0
DA:884,0
DA:885,0
DA:886,0
DA:887,0
DA:888,0
DA:889,0
DA:891,0
DA:893,0
DA:894,0
DA:895,0
DA:896,0
DA:898,0
DA:906,0
DA:911,0
DA:912,0
DA:913,0
DA:915,0
DA:918,0
DA:919,0
DA:921,0
DA:926,0
DA:931,0
DA:934,0
DA:935,0
DA:936,0
DA:938,0
DA:939,0
DA:940,0
DA:942,0
DA:943,0
DA:944,0
DA:946,0
DA:949,0
DA:950,0
DA:952,0
DA:956,0
DA:957,0
DA:958,0
DA:960,0
DA:961,0
DA:962,0
DA:965,0
DA:966,0
DA:967,0
DA:968,0
DA:969,0
DA:971,0
DA:972,0
DA:973,0
DA:974,0
DA:977,0
DA:978,0
DA:981,0
DA:983,0
DA:984,0
DA:988,0
DA:989,0
DA:990,0
DA:992,0
DA:993,0
DA:997,0
DA:999,0
DA:1000,0
DA:1001,0
DA:1003,0
DA:1004,0
DA:1005,0
DA:1008,0
DA:1009,0
DA:1010,0
DA:1014,0
DA:1018,0
DA:1019,0
DA:1020,0
DA:1022,0
DA:1023,0
DA:1024,0
DA:1026,0
DA:1027,0
DA:1029,0
DA:1030,0
DA:1033,0
DA:1035,0
DA:1036,0
DA:1041,0
DA:1042,0
DA:1044,0
DA:1047,0
DA:1048,0
DA:1049,0
DA:1050,0
DA:1051,0
DA:1056,0
DA:1057,0
DA:1059,0
DA:1064,0
DA:1066,0
DA:1067,0
DA:1068,0
DA:1069,0
DA:1070,0
DA:1071,0
DA:1072,0
DA:1073,0
DA:1074,0
DA:1076,0
DA:1078,0
DA:1081,0
DA:1085,0
DA:1087,0
DA:1088,0
DA:1089,0
DA:1091,0
DA:1092,0
DA:1098,0
DA:1100,0
DA:1101,0
DA:1102,0
DA:1103,0
DA:1104,0
DA:1105,0
DA:1108,0
DA:1109,0
DA:1110,0
DA:1111,0
DA:1112,0
DA:1113,0
DA:1117,0
DA:1120,0
DA:1121,0
DA:1122,0
DA:1125,0
DA:1128,0
DA:1129,0
DA:1130,0
DA:1133,0
DA:1135,0
DA:1136,0
DA:1137,0
DA:1141,0
DA:1142,0
DA:1143,0
DA:1144,0
DA:1148,0
DA:1149,0
DA:1150,0
DA:1151,0
DA:1152,0
DA:1153,0
DA:1155,0
DA:1156,0
DA:1158,0
DA:1160,0
DA:1161,0
DA:1162,0
DA:1163,0
DA:1164,0
DA:1170,0
DA:1171,0
DA:1173,0
DA:1174,0
DA:1176,0
DA:1177,0
DA:1179,0
DA:1181,0
DA:1184,0
DA:1189,0
DA:1190,0
DA:1195,0
DA:1199,0
DA:1205,0
DA:1206,0
DA:1207,0
DA:1208,0
DA:1211,0
DA:1214,0
DA:1215,0
DA:1216,0
DA:1217,0
DA:1219,0
DA:1220,0
DA:1221,0
DA:1222,0
DA:1223,0
DA:1224,0
DA:1225,0
DA:1229,0
DA:1230,0
DA:1231,0
DA:1232,0
DA:1240,0
DA:1241,0
DA:1242,0
DA:1243,0
DA:1244,0
DA:1245,0
DA:1248,0
DA:1249,0
DA:1250,0
DA:1251,0
DA:1252,0
DA:1253,0
DA:1255,0
DA:1256,0
DA:1257,0
DA:1258,0
DA:1259,0
DA:1260,0
DA:1261,0
DA:1262,0
DA:1263,0
DA:1265,0
DA:1266,0
DA:1267,0
DA:1268,0
DA:1269,0
DA:1270,0
DA:1271,0
DA:1272,0
DA:1273,0
DA:1274,0
DA:1275,0
DA:1276,0
DA:1277,0
DA:1278,0
DA:1279,0
DA:1280,0
DA:1281,0
DA:1282,0
DA:1284,0
DA:1285,0
DA:1286,0
DA:1288,0
DA:1289,0
DA:1290,0
DA:1291,0
DA:1292,0
DA:1293,0
DA:1294,0
DA:1295,0
DA:1296,0
DA:1297,0
DA:1298,0
DA:1299,0
DA:1300,0
DA:1301,0
DA:1303,0
DA:1306,0
DA:1310,0
DA:1311,0
DA:1312,0
DA:1313,0
DA:1315,0
DA:1316,0
DA:1318,0
DA:1319,0
DA:1320,0
DA:1321,0
DA:1323,0
DA:1324,0
DA:1326,0
DA:1327,0
DA:1328,0
DA:1329,0
DA:1331,0
DA:1332,0
DA:1333,0
DA:1334,0
DA:1335,0
DA:1336,0
DA:1338,0
DA:1341,0
DA:1345,0
DA:1346,0
DA:1347,0
DA:1350,0
DA:1354,0
DA:1362,0
DA:1363,0
DA:1364,0
DA:1369,0
DA:1370,0
DA:1371,0
DA:1374,0
DA:1375,0
DA:1376,0
DA:1377,0
DA:1378,0
DA:1379,0
DA:1381,0
DA:1383,0
DA:1386,0
DA:1387,0
DA:1394,0
DA:1395,0
DA:1396,0
DA:1403,0
DA:1410,0
DA:1411,0
DA:1412,0
DA:1416,0
DA:1417,0
DA:1418,0
DA:1419,0
DA:1421,0
DA:1424,0
DA:1425,0
DA:1426,0
DA:1427,0
DA:1429,0
DA:1430,0
DA:1432,0
DA:1434,0
DA:1439,0
DA:1441,0
DA:1442,0
DA:1443,0
DA:1444,0
DA:1447,0
DA:1448,0
DA:1451,0
DA:1452,0
DA:1453,0
DA:1454,0
DA:1455,0
DA:1456,0
DA:1457,0
DA:1458,0
DA:1461,0
DA:1463,0
DA:1464,0
DA:1465,0
DA:1468,0
DA:1469,0
DA:1471,0
DA:1473,0
DA:1474,0
DA:1475,0
DA:1476,0
DA:1477,0
DA:1478,0
DA:1479,0
DA:1480,0
DA:1485,0
DA:1486,0
DA:1487,0
DA:1488,0
DA:1489,0
DA:1491,0
DA:1492,0
DA:1493,0
DA:1494,0
DA:1497,0
DA:1498,0
DA:1501,0
DA:1502,0
DA:1504,0
DA:1506,0
DA:1507,0
DA:1509,0
DA:1510,0
DA:1511,0
DA:1512,0
DA:1513,0
DA:1514,0
DA:1515,0
DA:1521,0
DA:1522,0
DA:1523,0
DA:1524,0
DA:1525,0
DA:1527,0
DA:1528,0
DA:1529,0
DA:1534,0
DA:1535,0
DA:1536,0
DA:1537,0
DA:1538,0
DA:1539,0
DA:1540,0
DA:1541,0
DA:1543,0
DA:1544,0
DA:1547,0
DA:1549,0
DA:1551,0
DA:1554,0
DA:1557,0
DA:1558,0
DA:1559,0
DA:1560,0
DA:1562,0
DA:1563,0
DA:1565,0
DA:1566,0
DA:1567,0
DA:1568,0
DA:1569,0
DA:1570,0
DA:1571,0
DA:1574,0
DA:1576,0
DA:1582,0
DA:1583,0
DA:1584,0
DA:1585,0
DA:1586,0
DA:1587,0
DA:1589,0
DA:1591,0
DA:1593,0
DA:1597,0
DA:1598,0
DA:1599,0
DA:1600,0
DA:1601,0
DA:1603,0
DA:1605,0
DA:1610,0
DA:1617,0
DA:1619,0
DA:1627,0
DA:1628,0
DA:1629,0
DA:1632,0
DA:1633,0
DA:1634,0
DA:1635,0
DA:1637,0
DA:1640,0
DA:1641,0
DA:1642,0
DA:1643,0
DA:1645,0
DA:1646,0
DA:1648,0
DA:1650,0
DA:1654,0
DA:1657,0
DA:1658,0
DA:1659,0
DA:1660,0
DA:1662,0
DA:1663,0
DA:1669,0
DA:1670,0
DA:1671,0
DA:1672,0
DA:1673,0
DA:1675,0
DA:1677,0
DA:1682,0
DA:1683,0
DA:1685,0
DA:1689,0
DA:1690,0
DA:1691,0
DA:1694,0
DA:1700,0
DA:1701,0
DA:1703,0
DA:1704,0
DA:1705,0
DA:1707,0
DA:1710,0
DA:1711,0
DA:1712,0
DA:1713,0
DA:1715,0
DA:1716,0
DA:1720,0
DA:1721,0
DA:1725,0
DA:1726,0
DA:1727,0
DA:1728,0
DA:1729,0
DA:1730,0
DA:1731,0
DA:1732,0
DA:1734,0
DA:1736,0
DA:1737,0
DA:1738,0
DA:1740,0
DA:1742,0
DA:1743,0
DA:1744,0
DA:1746,0
DA:1748,0
DA:1749,0
DA:1750,0
DA:1752,0
DA:1754,0
DA:1755,0
DA:1756,0
DA:1758,0
DA:1760,0
DA:1761,0
DA:1762,0
DA:1763,0
DA:1764,0
DA:1765,0
DA:1768,0
DA:1770,0
DA:1771,0
DA:1772,0
DA:1773,0
DA:1774,0
DA:1775,0
DA:1778,0
DA:1780,0
DA:1781,0
DA:1782,0
DA:1783,0
DA:1784,0
DA:1785,0
DA:1786,0
DA:1788,0
DA:1789,0
DA:1790,0
DA:1793,0
DA:1797,0
DA:1798,0
DA:1800,0
DA:1801,0
DA:1802,0
DA:1803,0
DA:1804,0
DA:1806,0
DA:1807,0
DA:1808,0
DA:1813,0
DA:1814,0
DA:1816,0
DA:1817,0
DA:1818,0
DA:1819,0
DA:1820,0
DA:1822,0
DA:1823,0
DA:1824,0
DA:1829,0
DA:1830,0
DA:1832,0
DA:1833,0
DA:1834,0
DA:1835,0
DA:1836,0
DA:1838,0
DA:1840,0
DA:1841,0
DA:1842,0
DA:1849,0
DA:1850,0
DA:1851,0
DA:1852,0
DA:1853,0
DA:1854,0
DA:1855,0
DA:1856,0
DA:1860,0
DA:1863,0
DA:1864,0
DA:1865,0
DA:1866,0
DA:1867,0
DA:1868,0
DA:1869,0
DA:1870,0
DA:1874,0
DA:1877,0
DA:1878,0
DA:1879,0
DA:1880,0
DA:1881,0
DA:1882,0
DA:1883,0
DA:1884,0
DA:1885,0
DA:1887,0
DA:1888,0
DA:1892,0
DA:1895,0
DA:1896,0
DA:1897,0
DA:1898,0
DA:1899,0
DA:1906,0
DA:1907,0
DA:1908,0
DA:1910,0
DA:1911,0
DA:1912,0
DA:1916,0
DA:1918,0
DA:1919,0
DA:1920,0
DA:1922,0
DA:1923,0
DA:1924,0
DA:1925,0
DA:1926,0
DA:1927,0
DA:1930,0
DA:1931,0
DA:1932,0
DA:1933,0
DA:1934,0
DA:1936,0
DA:1940,0
DA:1941,0
DA:1942,0
DA:1943,0
DA:1944,0
DA:1945,0
DA:1946,0
DA:1947,0
DA:1948,0
DA:1949,0
DA:1950,0
DA:1951,0
DA:1952,0
DA:1953,0
DA:1954,0
DA:1955,0
DA:1956,0
DA:1957,0
DA:1958,0
DA:1959,0
DA:1960,0
DA:1961,0
DA:1962,0
DA:1963,0
DA:1972,0
DA:1976,0
DA:1991,0
DA:1993,0
DA:1995,0
DA:1996,0
DA:1997,0
DA:1999,0
DA:2000,0
DA:2003,0
DA:2004,0
DA:2006,0
DA:2013,0
DA:2015,0
DA:2022,0
DA:2023,0
DA:2025,0
DA:2026,0
DA:2027,0
DA:2028,0
DA:2029,0
DA:2030,0
DA:2034,0
DA:2036,0
DA:2037,0
DA:2041,0
DA:2045,0
DA:2046,0
DA:2048,0
DA:2053,0
DA:2054,0
DA:2057,0
DA:2060,0
DA:2062,0
DA:2075,0
DA:2124,0
DA:2126,0
DA:2138,0
DA:2139,0
DA:2140,0
DA:2141,0
DA:2142,0
DA:2143,0
DA:2144,0
DA:2145,0
DA:2147,0
DA:2148,0
DA:2149,0
DA:2151,0
DA:2152,0
DA:2154,0
DA:2155,0
DA:2156,0
DA:2158,0
DA:2160,0
DA:2166,0
DA:2167,0
DA:2169,0
DA:2170,0
DA:2171,0
DA:2173,0
DA:2174,0
DA:2175,0
DA:2176,0
DA:2182,0
DA:2185,0
DA:2186,0
DA:2189,0
DA:2191,0
DA:2192,0
DA:2195,0
DA:2196,0
DA:2206,0
DA:2207,0
DA:2208,0
DA:2223,0
DA:2224,0
DA:2225,0
DA:2226,0
DA:2227,0
DA:2228,0
DA:2229,0
DA:2230,0
DA:2231,0
DA:2232,0
DA:2233,0
DA:2242,0
DA:2257,0
DA:2259,0
DA:2260,0
DA:2262,0
DA:2263,0
DA:2264,0
DA:2265,0
DA:2266,0
DA:2268,0
DA:2270,0
DA:2276,0
DA:2277,0
DA:2278,0
DA:2279,0
DA:2280,0
DA:2284,0
DA:2285,0
DA:2286,0
DA:2287,0
DA:2288,0
DA:2289,0
DA:2290,0
DA:2292,0
DA:2294,0
DA:2295,0
DA:2297,0
DA:2299,0
DA:2302,0
DA:2303,0
DA:2304,0
DA:2319,0
DA:2320,0
DA:2324,0
DA:2337,0
DA:2341,0
DA:2342,0
DA:2343,0
DA:2344,0
DA:2348,0
DA:2349,0
DA:2350,0
DA:2351,0
DA:2355,0
DA:2356,0
DA:2357,0
DA:2358,0
DA:2365,0
DA:2368,0
DA:2369,0
DA:2375,0
DA:2377,0
DA:2379,0
DA:2381,0
DA:2382,0
DA:2384,0
DA:2386,0
DA:2387,0
DA:2388,0
DA:2389,0
DA:2390,0
DA:2392,0
DA:2393,0
DA:2405,0
DA:2406,0
DA:2414,0
DA:2415,0
DA:2417,0
DA:2418,0
DA:2434,0
DA:2438,0
DA:2439,0
DA:2446,0
DA:2447,0
DA:2448,0
DA:2449,0
DA:2450,0
DA:2451,0
DA:2454,0
DA:2455,0
DA:2456,0
DA:2457,0
DA:2458,0
DA:2459,0
DA:2460,0
DA:2461,0
DA:2462,0
DA:2463,0
DA:2464,0
DA:2465,0
DA:2466,0
DA:2467,0
DA:2468,0
DA:2469,0
DA:2470,0
DA:2471,0
DA:2472,0
DA:2473,0
DA:2474,0
DA:2475,0
DA:2476,0
DA:2477,0
DA:2478,0
DA:2479,0
DA:2480,0
DA:2481,0
DA:2482,0
DA:2483,0
DA:2484,0
DA:2486,0
DA:2487,0
DA:2488,0
DA:2489,0
DA:2490,0
DA:2491,0
DA:2492,0
DA:2493,0
DA:2494,0
DA:2495,0
DA:2496,0
DA:2497,0
DA:2498,0
DA:2499,0
DA:2500,0
DA:2501,0
DA:2502,0
DA:2504,0
DA:2511,0
DA:2514,0
DA:2515,0
DA:2517,0
DA:2518,0
DA:2520,0
DA:2523,0
DA:2524,0
DA:2525,0
DA:2526,0
DA:2528,0
DA:2531,0
DA:2532,0
DA:2533,0
DA:2534,0
DA:2538,0
DA:2540,0
DA:2542,0
DA:2543,0
DA:2544,0
DA:2545,0
DA:2547,0
DA:2549,0
DA:2550,0
DA:2551,0
DA:2552,0
DA:2553,0
DA:2555,0
DA:2556,0
DA:2557,0
DA:2559,0
DA:2560,0
DA:2562,0
DA:2563,0
DA:2565,0
DA:2573,0
DA:2575,0
DA:2577,0
DA:2584,0
DA:2585,0
DA:2587,0
DA:2593,0
DA:2594,0
DA:2597,0
DA:2599,0
DA:2601,0
DA:2619,0
DA:2630,0
DA:2632,0
DA:2634,0
DA:2636,0
DA:2645,0
DA:2647,0
DA:2648,0
DA:2654,0
DA:2655,0
DA:2658,0
DA:2659,0
DA:2668,0
DA:2671,0
DA:2672,0
DA:2673,0
DA:2678,0
DA:2681,0
DA:2686,0
DA:2688,0
DA:2689,0
DA:2690,0
DA:2703,0
DA:2704,0
DA:2705,0
DA:2706,0
DA:2707,0
DA:2708,0
DA:2709,0
DA:2710,0
DA:2711,0
DA:2712,0
DA:2713,0
DA:2714,0
DA:2715,0
DA:2716,0
DA:2717,0
DA:2718,0
DA:2723,0
DA:2725,0
DA:2726,0
DA:2727,0
DA:2728,0
DA:2730,0
DA:2731,0
DA:2732,0
DA:2734,0
DA:2735,0
DA:2736,0
DA:2741,0
DA:2742,0
DA:2743,0
DA:2755,0
DA:2758,0
DA:2759,0
DA:2760,0
DA:2762,0
DA:2763,0
DA:2764,0
DA:2765,0
DA:2766,0
DA:2769,0
DA:2770,0
DA:2771,0
DA:2772,0
DA:2778,0
DA:2781,0
DA:2864,0
DA:2865,0
DA:2866,0
DA:2867,0
DA:2870,0
DA:2871,0
DA:2872,0
DA:2873,0
DA:2874,0
DA:2877,0
DA:2878,0
DA:2879,0
DA:2880,0
DA:2881,0
DA:2882,0
DA:2883,0
DA:2884,0
DA:2886,0
DA:2887,0
DA:2890,0
DA:2896,0
DA:2897,0
DA:2898,0
DA:2899,0
DA:2902,0
DA:2908,0
DA:2909,0
DA:2910,0
DA:2911,0
DA:2914,0
DA:2920,0
DA:2945,0
DA:2947,0
DA:2949,0
DA:2950,0
DA:2952,0
DA:2953,0
DA:2954,0
DA:2956,0
DA:2957,0
DA:2962,0
DA:2965,0
DA:2967,0
DA:2968,0
DA:2969,0
DA:2970,0
DA:2981,0
DA:2982,0
DA:2984,0
DA:2985,0
DA:2993,0
DA:2994,0
DA:2997,0
DA:2998,0
DA:2999,0
DA:3005,0
DA:3008,0
DA:3013,0
DA:3014,0
DA:3016,0
DA:3019,0
DA:3020,0
DA:3023,0
DA:3024,0
DA:3025,0
DA:3026,0
DA:3027,0
DA:3032,0
DA:3035,0
DA:3036,0
DA:3038,0
DA:3042,0
DA:3052,0
DA:3053,0
DA:3054,0
DA:3056,0
DA:3057,0
DA:3060,0
DA:3071,0
DA:3074,0
DA:3076,0
DA:3077,0
DA:3078,0
DA:3079,0
DA:3081,0
DA:3082,0
DA:3084,0
DA:3091,0
DA:3094,0
DA:3095,0
DA:3097,0
DA:3099,0
DA:3100,0
DA:3101,0
DA:3102,0
DA:3103,0
DA:3105,0
DA:3106,0
DA:3108,0
DA:3109,0
DA:3110,0
DA:3112,0
DA:3121,0
DA:3124,0
DA:3126,0
DA:3127,0
DA:3129,0
DA:3131,0
DA:3132,0
DA:3133,0
DA:3135,0
DA:3138,0
DA:3140,0
DA:3142,0
DA:3143,0
DA:3145,0
DA:3147,0
DA:3150,0
DA:3151,0
DA:3156,0
DA:3159,0
DA:3160,0
DA:3171,0
DA:3172,0
DA:3173,0
DA:3174,0
DA:3175,0
DA:3177,0
DA:3178,0
DA:3179,0
DA:3180,0
DA:3181,0
DA:3183,0
DA:3184,0
DA:3185,0
DA:3186,0
DA:3187,0
DA:3188,0
DA:3190,0
DA:3193,0
DA:3195,0
DA:3196,0
DA:3197,0
DA:3198,0
DA:3200,0
DA:3202,0
DA:3203,0
DA:3204,0
DA:3212,0
DA:3213,0
DA:3215,0
DA:3216,0
DA:3217,0
DA:3218,0
DA:3221,0
DA:3223,0
DA:3224,0
DA:3226,0
DA:3227,0
DA:3230,0
DA:3231,0
DA:3232,0
DA:3247,0
DA:3248,0
DA:3250,0
DA:3251,0
DA:3252,0
DA:3253,0
DA:3256,0
DA:3258,0
DA:3259,0
DA:3261,0
DA:3262,0
DA:3265,0
DA:3266,0
DA:3267,0
DA:3282,0
DA:3283,0
DA:3285,0
DA:3289,0
DA:3290,0
DA:3291,0
DA:3293,0
DA:3294,0
DA:3295,0
DA:3297,0
DA:3298,0
DA:3299,0
DA:3303,0
DA:3304,0
DA:3305,0
DA:3307,0
DA:3308,0
DA:3309,0
DA:3310,0
DA:3315,0
DA:3319,0
DA:3321,0
DA:3322,0
DA:3329,0
DA:3330,0
DA:3331,0
DA:3332,0
DA:3333,0
DA:3338,0
DA:3340,0
DA:3341,0
DA:3343,0
DA:3344,0
DA:3354,0
DA:3355,0
DA:3357,0
DA:3358,0
DA:3359,0
DA:3361,0
DA:3362,0
DA:3364,0
DA:3365,0
DA:3366,0
DA:3367,0
DA:3370,0
DA:3372,0
DA:3373,0
DA:3374,0
DA:3375,0
DA:3376,0
DA:3378,0
DA:3379,0
DA:3384,0
DA:3385,0
DA:3386,0
DA:3388,0
DA:3399,0
DA:3406,0
DA:3411,0
DA:3413,0
DA:3415,0
DA:3417,0
DA:3420,0
DA:3422,0
DA:3423,0
DA:3442,1
DA:3446,0
DA:3447,0
DA:3454,0
DA:3456,0
DA:3457,0
DA:3461,0
DA:3462,0
DA:3466,0
DA:3468,0
DA:3469,0
DA:3472,0
DA:3474,0
DA:3475,0
DA:3476,0
DA:3487,0
DA:3512,0
DA:3514,0
DA:3516,0
DA:3518,0
DA:3519,0
DA:3520,0
DA:3522,0
DA:3524,0
DA:3526,0
DA:3527,0
DA:3528,0
DA:3529,0
DA:3532,0
DA:3534,0
DA:3535,0
DA:3537,0
DA:3539,0
DA:3542,0
DA:3543,0
DA:3547,0
DA:3548,0
DA:3558,0
DA:3559,0
DA:3561,0
DA:3563,0
DA:3565,0
DA:3566,0
DA:3567,0
DA:3568,0
DA:3569,0
DA:3573,0
DA:3574,0
DA:3575,0
DA:3576,0
DA:3577,0
DA:3582,0
DA:3585,0
DA:3586,0
DA:3600,0
DA:3603,0
DA:3605,0
DA:3606,0
DA:3607,0
DA:3608,0
DA:3609,0
DA:3615,0
DA:3617,0
DA:3618,0
DA:3619,0
DA:3620,0
DA:3624,0
DA:3627,0
DA:3636,0
DA:3637,0
DA:3638,0
DA:3642,0
DA:3643,0
DA:3650,0
DA:3653,0
DA:3654,0
DA:3657,0
DA:3659,0
DA:3660,0
DA:3661,0
DA:3662,0
DA:3680,0
DA:3681,0
DA:3683,0
DA:3684,0
DA:3687,0
DA:3688,0
DA:3689,0
DA:3690,0
DA:3691,0
DA:3692,0
DA:3693,0
DA:3694,0
DA:3695,0
DA:3696,0
DA:3697,0
DA:3698,0
DA:3702,0
DA:3751,0
DA:3752,0
DA:3770,0
DA:3772,0
DA:3773,0
DA:3774,0
DA:3775,0
DA:3776,0
DA:3777,0
DA:3778,0
DA:3779,0
DA:3780,0
DA:3781,0
DA:3782,0
DA:3783,0
DA:3784,0
DA:3785,0
DA:3786,0
DA:3787,0
DA:3788,0
DA:3789,0
DA:3790,0
DA:3793,0
DA:3795,0
DA:3796,0
DA:3797,0
DA:3798,0
DA:3799,0
DA:3802,0
DA:3803,0
DA:3805,0
DA:3806,0
DA:3807,0
DA:3808,0
DA:3809,0
DA:3810,0
DA:3815,0
DA:3816,0
DA:3817,0
DA:3820,0
DA:3824,0
DA:3826,0
DA:3830,0
DA:3831,0
DA:3832,0
DA:3833,0
DA:3834,0
DA:3835,0
DA:3836,0
DA:3842,0
DA:3843,0
DA:3844,0
DA:3850,0
DA:3852,0
DA:3854,0
DA:3857,0
DA:3858,0
DA:3859,0
DA:3862,0
DA:3863,0
DA:3864,0
DA:3865,0
DA:3867,0
DA:3870,0
DA:3871,0
DA:3872,0
DA:3878,0
DA:3879,0
DA:3880,0
DA:3886,0
DA:3887,0
DA:3888,0
DA:3889,0
DA:3890,0
DA:3891,0
DA:3893,0
DA:3894,0
DA:3895,0
DA:3896,0
DA:3897,0
DA:3898,0
DA:3899,0
DA:3904,0
DA:3906,0
DA:3907,0
DA:3908,0
DA:3910,0
DA:3923,0
DA:3924,0
DA:3927,0
DA:3928,0
DA:3929,0
DA:3932,0
DA:3934,0
DA:3957,0
DA:3959,0
DA:3960,0
DA:3964,0
DA:3966,0
DA:3968,0
DA:3974,0
DA:3978,0
DA:3980,0
DA:3982,0
DA:3988,0
DA:3992,0
DA:3994,0
DA:3998,0
DA:3999,0
DA:4009,0
DA:4010,0
DA:4011,0
DA:4012,0
DA:4013,0
DA:4029,0
DA:4030,0
DA:4031,0
DA:4032,0
DA:4034,0
DA:4035,0
DA:4037,0
DA:4038,0
DA:4039,0
DA:4040,0
DA:4042,0
DA:4048,0
DA:4050,0
DA:4051,0
DA:4053,0
DA:4054,0
DA:4057,0
DA:4058,0
DA:4059,0
DA:4067,0
DA:4068,0
DA:4069,0
DA:4070,0
DA:4071,0
DA:4087,0
DA:4088,0
DA:4090,0
DA:4096,0
DA:4097,0
DA:4099,0
DA:4100,0
DA:4106,0
DA:4108,0
DA:4109,0
DA:4111,0
DA:4112,0
DA:4115,0
DA:4116,0
DA:4128,0
DA:4130,0
DA:4131,0
DA:4133,0
DA:4142,0
DA:4143,0
DA:4152,0
DA:4153,0
DA:4159,0
DA:4160,0
DA:4161,0
DA:4164,0
DA:4166,0
DA:4167,0
DA:4168,0
DA:4169,0
DA:4170,0
DA:4171,0
DA:4179,0
DA:4181,0
DA:4182,0
DA:4186,0
DA:4193,0
DA:4195,0
DA:4216,0
DA:4217,0
DA:4219,0
DA:4220,0
DA:4221,0
DA:4229,0
DA:4231,0
DA:4252,0
DA:4253,0
DA:4255,0
DA:4256,0
DA:4257,0
DA:4263,0
DA:4265,0
DA:4266,0
DA:4273,0
DA:4276,0
DA:4277,0
DA:4284,0
DA:4287,0
DA:4288,0
DA:4290,0
DA:4311,0
DA:4312,0
DA:4314,0
DA:4315,0
DA:4316,0
DA:4321,0
DA:4323,0
DA:4324,0
DA:4331,0
DA:4332,0
DA:4334,0
DA:4336,0
DA:4337,0
DA:4339,0
DA:4340,0
DA:4345,0
DA:4346,0
DA:4354,0
DA:4356,0
DA:4358,0
DA:4359,0
DA:4365,0
DA:4375,0
DA:4376,0
DA:4379,0
DA:4381,0
DA:4384,0
DA:4386,0
DA:4387,0
DA:4392,0
DA:4393,0
DA:4394,0
DA:4401,0
DA:4403,0
DA:4404,0
DA:4410,0
DA:4412,0
DA:4427,0
DA:4440,0
DA:4441,0
DA:4453,0
DA:4455,0
DA:4456,0
DA:4457,0
DA:4458,0
DA:4459,0
DA:4460,0
DA:4462,0
DA:4463,0
DA:4464,0
DA:4467,0
DA:4470,0
DA:4472,0
DA:4473,0
DA:4474,0
DA:4475,0
DA:4476,0
DA:4477,0
DA:4480,0
DA:4481,0
DA:4483,0
DA:4484,0
DA:4486,0
DA:4487,0
DA:4488,0
DA:4491,0
DA:4495,0
DA:4497,0
DA:4498,0
DA:4499,0
DA:4500,0
DA:4502,0
DA:4503,0
DA:4504,0
DA:4506,0
DA:4507,0
DA:4515,0
DA:4516,0
DA:4519,0
DA:4521,0
DA:4522,0
DA:4523,0
DA:4529,0
DA:4530,0
DA:4531,0
DA:4532,0
DA:4534,0
DA:4535,0
DA:4536,0
DA:4537,0
DA:4540,0
DA:4541,0
DA:4548,0
DA:4550,0
DA:4551,0
DA:4552,0
DA:4553,0
DA:4561,0
DA:4562,0
DA:4563,0
DA:4570,0
DA:4571,0
DA:4572,0
DA:4573,0
DA:4574,0
DA:4575,0
DA:4584,0
DA:4585,0
DA:4586,0
DA:4597,0
DA:4598,0
DA:4599,0
DA:4601,0
DA:4609,0
DA:4610,0
DA:4612,0
DA:4613,0
DA:4614,0
DA:4615,0
DA:4616,0
DA:4619,0
DA:4620,0
DA:4625,0
DA:4626,0
DA:4627,0
DA:4628,0
DA:4629,0
DA:4630,0
DA:4635,0
DA:4636,0
DA:4637,0
DA:4638,0
DA:4639,0
DA:4641,0
DA:4642,0
DA:4643,0
DA:4644,0
DA:4645,0
DA:4646,0
DA:4647,0
DA:4648,0
DA:4649,0
DA:4650,0
DA:4651,0
DA:4667,0
DA:4682,0
DA:4683,0
DA:4692,0
DA:4694,0
DA:4695,0
DA:4696,0
DA:4699,0
DA:4701,0
DA:4702,0
DA:4703,0
DA:4706,0
DA:4707,0
DA:4709,0
DA:4710,0
DA:4712,0
DA:4713,0
DA:4714,0
DA:4717,0
DA:4721,0
DA:4723,0
DA:4724,0
DA:4725,0
DA:4726,0
DA:4728,0
DA:4730,0
DA:4731,0
DA:4733,0
DA:4734,0
DA:4735,0
DA:4736,0
DA:4737,0
DA:4738,0
DA:4740,0
DA:4744,0
DA:4745,0
DA:4746,0
DA:4758,0
DA:4759,0
DA:4766,0
DA:4768,0
DA:4769,0
DA:4770,0
DA:4771,0
DA:4772,0
DA:4773,0
DA:4775,0
DA:4780,0
DA:4781,0
DA:4787,0
DA:4789,0
DA:4790,0
DA:4801,0
DA:4812,0
DA:4814,0
DA:4815,0
DA:4818,0
DA:4820,0
DA:4823,0
DA:4825,0
DA:4826,0
DA:4827,0
DA:4828,0
DA:4829,0
DA:4835,0
DA:4836,0
DA:4839,0
DA:4840,0
DA:4841,0
DA:4842,0
DA:4849,0
DA:4850,0
DA:4855,0
DA:4865,0
DA:4876,0
DA:4878,0
DA:4879,0
DA:4880,0
DA:4881,0
DA:4882,0
DA:4886,0
DA:4887,0
DA:4890,0
DA:4891,0
DA:4900,1
DA:4902,0
DA:4904,0
DA:4908,0
DA:4916,0
DA:4927,0
DA:4928,0
DA:4934,0
DA:4936,0
DA:4937,0
DA:4941,0
DA:4942,0
DA:4946,0
DA:4948,0
DA:4949,0
DA:4950,0
DA:4951,0
DA:4952,0
DA:4953,0
DA:4954,0
DA:4956,0
DA:4957,0
DA:4958,0
DA:4959,0
DA:4961,0
DA:4963,0
DA:4967,0
DA:4969,0
DA:4970,0
DA:4973,0
DA:4975,0
DA:4977,0
DA:4981,0
DA:4984,0
DA:4986,0
DA:4987,0
DA:4988,0
DA:4989,0
DA:4991,0
DA:4992,0
DA:4995,0
DA:4997,0
DA:4998,0
DA:4999,0
DA:5000,0
DA:5004,0
DA:5006,0
DA:5007,0
DA:5008,0
DA:5009,0
DA:5013,0
DA:5015,0
DA:5016,0
DA:5017,0
DA:5018,0
DA:5031,0
DA:5033,0
DA:5037,0
DA:5039,0
DA:5040,0
DA:5041,0
DA:5042,0
DA:5043,0
DA:5044,0
DA:5045,0
DA:5047,0
DA:5048,0
DA:5049,0
DA:5051,0
DA:5052,0
DA:5053,0
DA:5054,0
DA:5055,0
DA:5056,0
DA:5057,0
DA:5058,0
DA:5059,0
DA:5066,0
DA:5067,0
DA:5068,0
DA:5070,0
DA:5071,0
DA:5072,0
DA:5073,0
DA:5074,0
DA:5075,0
DA:5077,0
DA:5079,0
DA:5083,0
DA:5089,0
DA:5091,0
DA:5092,0
DA:5093,0
DA:5094,0
DA:5095,0
DA:5097,0
DA:5098,0
DA:5104,0
DA:5106,0
DA:5107,0
DA:5108,0
DA:5109,0
DA:5111,0
DA:5114,0
DA:5115,0
DA:5116,0
DA:5117,0
DA:5118,0
DA:5119,0
DA:5123,0
DA:5124,0
DA:5125,0
DA:5126,0
DA:5127,0
DA:5128,0
DA:5130,0
DA:5132,0
DA:5137,0
DA:5138,0
DA:5142,0
DA:5143,0
DA:5149,0
DA:5150,0
DA:5151,0
DA:5152,0
DA:5153,0
DA:5155,0
DA:5156,0
DA:5158,0
DA:5162,0
DA:5163,0
DA:5164,0
DA:5165,0
DA:5167,0
DA:5169,0
DA:5175,0
DA:5176,0
DA:5177,0
DA:5179,0
DA:5180,0
DA:5181,0
DA:5186,0
DA:5190,0
DA:5196,0
DA:5198,0
DA:5199,0
DA:5200,0
DA:5201,0
DA:5202,0
DA:5204,0
DA:5205,0
DA:5211,0
DA:5213,0
DA:5214,0
DA:5215,0
DA:5216,0
DA:5218,0
DA:5221,0
DA:5222,0
DA:5223,0
DA:5224,0
DA:5225,0
DA:5226,0
DA:5230,0
DA:5231,0
DA:5232,0
DA:5233,0
DA:5234,0
DA:5235,0
DA:5237,0
DA:5239,0
DA:5244,0
DA:5245,0
DA:5249,0
DA:5250,0
DA:5256,0
DA:5257,0
DA:5258,0
DA:5259,0
DA:5261,0
DA:5262,0
DA:5263,0
DA:5268,0
DA:5269,0
DA:5270,0
DA:5271,0
DA:5273,0
DA:5275,0
DA:5280,0
DA:5281,0
DA:5282,0
DA:5284,0
DA:5285,0
DA:5286,0
DA:5293,0
DA:5294,0
DA:5296,0
DA:5297,0
DA:5298,0
DA:5299,0
DA:5300,0
DA:5301,0
DA:5305,0
DA:5306,0
DA:5307,0
DA:5308,0
DA:5309,0
DA:5310,0
DA:5311,0
DA:5312,0
DA:5313,0
DA:5314,0
DA:5315,0
DA:5316,0
DA:5317,0
DA:5318,0
DA:5331,0
DA:5335,0
DA:5341,0
DA:5343,0
DA:5344,0
DA:5346,0
DA:5347,0
DA:5349,0
DA:5350,0
DA:5351,0
DA:5352,0
DA:5353,0
DA:5358,0
DA:5359,0
DA:5360,0
DA:5361,0
DA:5363,0
DA:5364,0
DA:5365,0
DA:5366,0
DA:5368,0
DA:5369,0
DA:5370,0
DA:5371,0
DA:5372,0
DA:5373,0
DA:5378,0
DA:5379,0
DA:5380,0
DA:5381,0
DA:5383,0
DA:5384,0
DA:5385,0
DA:5386,0
DA:5388,0
DA:5389,0
DA:5390,0
DA:5391,0
DA:5392,0
DA:5393,0
DA:5397,0
DA:5398,0
DA:5399,0
DA:5400,0
DA:5402,0
DA:5403,0
DA:5404,0
DA:5405,0
DA:5407,0
DA:5408,0
DA:5409,0
DA:5410,0
DA:5411,0
DA:5412,0
DA:5413,0
DA:5415,0
DA:5416,0
DA:5417,0
DA:5418,0
DA:5422,0
DA:5423,0
DA:5431,0
DA:5433,0
DA:5437,0
DA:5438,0
DA:5439,0
DA:5440,0
DA:5441,0
DA:5444,0
DA:5451,0
DA:5453,0
DA:5454,0
DA:5456,0
DA:5457,0
DA:5459,0
DA:5460,0
DA:5464,0
DA:5465,0
DA:5466,0
DA:5467,0
DA:5468,0
DA:5469,0
DA:5470,0
DA:5471,0
DA:5472,0
DA:5473,0
DA:5474,0
DA:5476,0
DA:5479,0
DA:5480,0
DA:5481,0
DA:5486,1
DA:5510,0
DA:5519,0
DA:5520,0
DA:5522,0
DA:5523,0
DA:5524,0
DA:5530,0
DA:5531,0
DA:5532,0
DA:5533,0
DA:5534,0
DA:5535,0
DA:5536,0
DA:5537,0
DA:5538,0
DA:5540,0
DA:5551,0
DA:5559,0
DA:5560,0
DA:5561,0
DA:5562,0
DA:5563,0
DA:5564,0
DA:5565,0
DA:5569,0
DA:5570,0
DA:5571,0
DA:5572,0
DA:5573,0
DA:5574,0
DA:5575,0
DA:5576,0
DA:5580,0
DA:5581,0
DA:5582,0
DA:5583,0
DA:5594,1
DA:5602,0
DA:5612,0
DA:5613,0
DA:5614,0
DA:5615,0
DA:5616,0
DA:5617,0
DA:5618,0
DA:5619,0
DA:5621,0
DA:5625,0
DA:5626,0
DA:5627,0
DA:5628,0
DA:5629,0
DA:5630,0
DA:5633,0
DA:5640,0
DA:5641,0
DA:5642,0
DA:5643,0
DA:5644,0
DA:5645,0
DA:5663,0
DA:5665,0
DA:5666,0
DA:5667,0
DA:5668,0
DA:5673,1
DA:5700,0
DA:5711,0
DA:5721,0
DA:5722,0
DA:5723,0
DA:5724,0
DA:5725,0
DA:5726,0
DA:5727,0
DA:5728,0
DA:5729,0
DA:5733,0
DA:5734,0
DA:5735,0
DA:5736,0
DA:5737,0
DA:5738,0
DA:5739,0
DA:5740,0
DA:5741,0
DA:5742,0
DA:5743,0
DA:5744,0
DA:5745,0
DA:5746,0
DA:5747,0
DA:5748,0
DA:5751,0
DA:5752,0
DA:5753,0
DA:5754,0
DA:5755,0
DA:5756,0
DA:5758,0
DA:5759,0
DA:5760,0
DA:5761,0
DA:5762,0
DA:5764,0
DA:5765,0
DA:5766,0
DA:5767,0
DA:5768,0
DA:5770,0
DA:5771,0
DA:5772,0
DA:5773,0
DA:5774,0
DA:6072,0
DA:6078,0
DA:6079,0
DA:6087,0
DA:6089,0
DA:6090,0
DA:6091,0
DA:6092,0
DA:6096,0
DA:6098,0
DA:6099,0
DA:6102,0
DA:6103,0
DA:6104,0
DA:6105,0
DA:6106,0
DA:6107,0
DA:6111,0
DA:6112,0
DA:6113,0
DA:6119,0
DA:6120,0
DA:6121,0
DA:6123,0
DA:6124,0
DA:6125,0
DA:6126,0
DA:6127,0
DA:6128,0
DA:6134,0
DA:6135,0
DA:6136,0
DA:6137,0
DA:6145,0
DA:6147,0
DA:6148,0
DA:6150,0
DA:6152,0
DA:6154,0
DA:6155,0
DA:6157,0
DA:6159,0
DA:6160,0
DA:6166,0
DA:6168,0
DA:6169,0
DA:6170,0
DA:6173,0
DA:6174,0
DA:6176,0
DA:6183,0
DA:6184,0
DA:6185,0
DA:6188,0
DA:6194,0
DA:6195,0
DA:6196,0
DA:6199,0
DA:6200,0
DA:6204,0
DA:6209,0
DA:6210,0
DA:6211,0
DA:6212,0
DA:6213,0
DA:6217,0
DA:6220,0
DA:6225,0
DA:6226,0
DA:6227,0
DA:6228,0
DA:6229,0
DA:6230,0
DA:6231,0
DA:6234,0
DA:6236,0
DA:6237,0
DA:6238,0
DA:6240,0
DA:6241,0
DA:6242,0
DA:6243,0
DA:6244,0
DA:6245,0
DA:6246,0
DA:6250,0
DA:6256,0
DA:6259,0
DA:6261,0
DA:6262,0
DA:6263,0
DA:6266,0
DA:6267,0
DA:6268,0
DA:6269,0
DA:6270,0
DA:6271,0
DA:6272,0
DA:6273,0
DA:6276,0
DA:6278,0
DA:6279,0
DA:6281,0
DA:6282,0
DA:6285,0
DA:6286,0
DA:6287,0
DA:6299,0
DA:6301,0
DA:6307,0
DA:6308,0
DA:6311,0
DA:6320,0
DA:6322,0
DA:6324,0
DA:6327,0
DA:6329,0
DA:6330,0
DA:6332,0
DA:6334,0
DA:6335,0
DA:6342,0
DA:6344,0
DA:6346,0
DA:6347,0
DA:6348,0
DA:6350,0
DA:6351,0
DA:6355,0
DA:6366,0
DA:6369,0
DA:6371,0
DA:6372,0
DA:6387,0
DA:6389,0
DA:6390,0
DA:6398,0
DA:6400,0
DA:6401,0
DA:6402,0
DA:6416,0
DA:6417,0
DA:6418,0
DA:6419,0
DA:6420,0
DA:6421,0
DA:6422,0
DA:6426,0
DA:6429,0
DA:6431,0
DA:6432,0
DA:6433,0
DA:6435,0
DA:6436,0
DA:6437,0
DA:6438,0
DA:6439,0
DA:6440,0
DA:6441,0
DA:6447,0
DA:6448,0
DA:6449,0
DA:6450,0
DA:6458,0
DA:6460,0
DA:6461,0
DA:6462,0
DA:6465,0
DA:6466,0
DA:6468,0
DA:6469,0
DA:6470,0
DA:6471,0
DA:6472,0
DA:6473,0
DA:6474,0
DA:6475,0
DA:6478,0
DA:6480,0
DA:6486,0
DA:6487,0
DA:6488,0
DA:6489,0
DA:6490,0
DA:6493,0
DA:6497,0
DA:6498,0
DA:6500,0
DA:6501,0
DA:6513,1
DA:6523,1
DA:6524,0
DA:6526,0
DA:6527,0
DA:6528,0
DA:6531,3
DA:6534,1
DA:6536,2
DA:6537,0
DA:6541,1
DA:6544,2
DA:6545,3
DA:6546,2
DA:6547,1
DA:6548,1
DA:6552,1
DA:6553,1
DA:6554,1
DA:6557,1
DA:6558,1
DA:6559,3
DA:6560,3
DA:6561,1
DA:6563,1
DA:6564,2
DA:6572,1
DA:6573,1
DA:6576,1
DA:6577,3
DA:6578,3
DA:6579,1
DA:6587,2
DA:6588,0
DA:6589,0
DA:6590,0
DA:6594,0
DA:6595,0
DA:6596,0
DA:6597,0
DA:6598,0
DA:6599,0
DA:6600,0
DA:6603,0
DA:6610,0
DA:6615,1
DA:6616,7
DA:6617,3
DA:6618,1
DA:6619,1
DA:6621,1
DA:6623,1
DA:6624,0
DA:6625,0
DA:6626,0
DA:6627,0
DA:6628,0
DA:6630,0
DA:6631,0
DA:6632,0
DA:6633,0
DA:6637,0
DA:6642,1
DA:6645,1
DA:6646,3
DA:6648,1
DA:6649,1
DA:6650,1
DA:6651,11
DA:6653,3
DA:6657,1
DA:6659,2
DA:6661,1
DA:6666,1
DA:6668,4
DA:6678,0
DA:6679,0
DA:6680,0
DA:6681,0
DA:6684,0
DA:6686,0
DA:6687,0
DA:6688,0
DA:6689,0
DA:6690,0
DA:6692,0
DA:6693,0
DA:6694,0
DA:6695,0
DA:6703,0
DA:6706,0
DA:6707,0
DA:6709,0
DA:6710,0
DA:6711,0
DA:6712,0
DA:6713,0
DA:6714,0
DA:6715,0
DA:6716,0
DA:6717,0
DA:6718,0
DA:6719,0
DA:6723,0
DA:6725,0
DA:6733,0
DA:6740,1
DA:6741,1
DA:6744,1
DA:6746,1
DA:6747,2
DA:6750,1
DA:6752,1
DA:6754,1
DA:6756,1
DA:6765,1
DA:6766,1
DA:6776,0
DA:6779,0
DA:6781,0
DA:6782,0
DA:6784,0
DA:6785,0
DA:6795,0
DA:6797,0
DA:6798,0
DA:6806,0
DA:6808,0
DA:6809,0
DA:6810,0
DA:6813,0
DA:6815,0
DA:6817,0
DA:6818,0
DA:6819,0
DA:6821,0
DA:6822,0
DA:6825,0
DA:6826,0
DA:6829,0
DA:6835,0
DA:6836,0
DA:6837,0
DA:6838,0
DA:6839,0
DA:6842,0
DA:6843,0
DA:6844,0
DA:6846,0
DA:6847,0
DA:6848,0
DA:6853,0
DA:6855,0
DA:6857,0
DA:6861,0
DA:6863,0
DA:6864,0
DA:6885,0
DA:6886,0
DA:6887,0
DA:6889,0
DA:6890,0
DA:6893,0
DA:6895,0
DA:6896,0
DA:6897,0
DA:6898,0
DA:6902,0
DA:6903,0
DA:6904,0
DA:6905,0
DA:6907,0
DA:6909,0
DA:6910,0
DA:6911,0
DA:6913,0
DA:6914,0
DA:6918,0
DA:6921,0
DA:6922,0
DA:6926,0
DA:6945,0
DA:6948,0
DA:6950,0
DA:6952,0
DA:6955,0
DA:6957,0
DA:6959,0
DA:6960,0
DA:6963,0
DA:6964,0
DA:6965,0
DA:6972,0
DA:6973,0
DA:6978,0
DA:6980,0
DA:6981,0
LF:2901
LH:66
end_of_record
